{"meta": {"format": 3, "version": "7.9.2", "timestamp": "2025-07-08T14:03:02.471937", "branch_coverage": false, "show_contexts": false}, "files": {"comprehensive_coverage_booster.py": {"executed_lines": [], "summary": {"covered_lines": 0, "num_statements": 60, "percent_covered": 0.0, "percent_covered_display": "0", "missing_lines": 60, "excluded_lines": 2}, "missing_lines": [6, 7, 8, 9, 11, 13, 15, 236, 237, 239, 241, 243, 445, 446, 448, 450, 452, 667, 668, 670, 672, 675, 696, 697, 698, 699, 700, 703, 704, 705, 707, 708, 710, 712, 714, 715, 718, 719, 720, 723, 725, 726, 727, 728, 730, 731, 733, 736, 737, 738, 739, 740, 741, 743, 744, 745, 746, 747, 749, 750], "excluded_lines": [752, 753], "functions": {"create_middleware_tests": {"executed_lines": [], "summary": {"covered_lines": 0, "num_statements": 4, "percent_covered": 0.0, "percent_covered_display": "0", "missing_lines": 4, "excluded_lines": 0}, "missing_lines": [13, 15, 236, 237], "excluded_lines": []}, "create_services_tests": {"executed_lines": [], "summary": {"covered_lines": 0, "num_statements": 4, "percent_covered": 0.0, "percent_covered_display": "0", "missing_lines": 4, "excluded_lines": 0}, "missing_lines": [241, 243, 445, 446], "excluded_lines": []}, "create_integration_tests": {"executed_lines": [], "summary": {"covered_lines": 0, "num_statements": 4, "percent_covered": 0.0, "percent_covered_display": "0", "missing_lines": 4, "excluded_lines": 0}, "missing_lines": [450, 452, 667, 668], "excluded_lines": []}, "run_comprehensive_coverage": {"executed_lines": [], "summary": {"covered_lines": 0, "num_statements": 13, "percent_covered": 0.0, "percent_covered_display": "0", "missing_lines": 13, "excluded_lines": 0}, "missing_lines": [672, 675, 696, 697, 698, 699, 700, 703, 704, 705, 707, 708, 710], "excluded_lines": []}, "main": {"executed_lines": [], "summary": {"covered_lines": 0, "num_statements": 26, "percent_covered": 0.0, "percent_covered_display": "0", "missing_lines": 26, "excluded_lines": 0}, "missing_lines": [714, 715, 718, 719, 720, 723, 725, 726, 727, 728, 730, 731, 733, 736, 737, 738, 739, 740, 741, 743, 744, 745, 746, 747, 749, 750], "excluded_lines": []}, "": {"executed_lines": [], "summary": {"covered_lines": 0, "num_statements": 9, "percent_covered": 0.0, "percent_covered_display": "0", "missing_lines": 9, "excluded_lines": 2}, "missing_lines": [6, 7, 8, 9, 11, 239, 448, 670, 712], "excluded_lines": [752, 753]}}, "classes": {"": {"executed_lines": [], "summary": {"covered_lines": 0, "num_statements": 60, "percent_covered": 0.0, "percent_covered_display": "0", "missing_lines": 60, "excluded_lines": 2}, "missing_lines": [6, 7, 8, 9, 11, 13, 15, 236, 237, 239, 241, 243, 445, 446, 448, 450, 452, 667, 668, 670, 672, 675, 696, 697, 698, 699, 700, 703, 704, 705, 707, 708, 710, 712, 714, 715, 718, 719, 720, 723, 725, 726, 727, 728, 730, 731, 733, 736, 737, 738, 739, 740, 741, 743, 744, 745, 746, 747, 749, 750], "excluded_lines": [752, 753]}}}, "comprehensive_test_fixer.py": {"executed_lines": [], "summary": {"covered_lines": 0, "num_statements": 243, "percent_covered": 0.0, "percent_covered_display": "0", "missing_lines": 243, "excluded_lines": 2}, "missing_lines": [4, 5, 6, 7, 8, 9, 11, 12, 13, 14, 15, 16, 17, 19, 21, 36, 37, 39, 41, 42, 43, 46, 48, 49, 50, 51, 54, 55, 57, 60, 63, 64, 65, 68, 69, 70, 71, 73, 75, 76, 77, 79, 81, 82, 83, 85, 88, 89, 95, 96, 99, 100, 103, 104, 105, 107, 108, 110, 112, 115, 116, 117, 118, 120, 121, 129, 132, 133, 134, 135, 136, 137, 138, 139, 140, 141, 143, 145, 146, 147, 148, 152, 153, 155, 157, 190, 191, 192, 194, 195, 197, 198, 199, 200, 202, 205, 206, 208, 209, 212, 213, 215, 217, 218, 219, 220, 221, 223, 224, 226, 227, 228, 229, 230, 232, 233, 234, 235, 236, 237, 238, 239, 241, 242, 243, 244, 246, 248, 250, 251, 252, 253, 255, 256, 257, 258, 260, 262, 263, 264, 266, 268, 269, 272, 273, 274, 275, 276, 277, 278, 279, 280, 281, 283, 284, 285, 288, 289, 290, 292, 294, 296, 299, 300, 301, 302, 303, 304, 306, 307, 308, 309, 310, 312, 316, 318, 319, 320, 321, 324, 325, 328, 329, 332, 334, 336, 337, 338, 339, 340, 342, 343, 345, 347, 349, 352, 353, 354, 355, 357, 359, 361, 362, 363, 365, 375, 378, 379, 380, 381, 382, 383, 384, 385, 387, 388, 390, 391, 392, 396, 397, 399, 401, 403, 404, 407, 410, 411, 412, 413, 416, 417, 418, 421, 422, 423, 424, 425, 426, 428, 429, 431, 433], "excluded_lines": [435, 436], "functions": {"ComprehensiveTestFixer.__init__": {"executed_lines": [], "summary": {"covered_lines": 0, "num_statements": 5, "percent_covered": 0.0, "percent_covered_display": "0", "missing_lines": 5, "excluded_lines": 0}, "missing_lines": [13, 14, 15, 16, 17], "excluded_lines": []}, "ComprehensiveTestFixer.setup_test_env": {"executed_lines": [], "summary": {"covered_lines": 0, "num_statements": 3, "percent_covered": 0.0, "percent_covered_display": "0", "missing_lines": 3, "excluded_lines": 0}, "missing_lines": [21, 36, 37], "excluded_lines": []}, "ComprehensiveTestFixer.fix_test_annotations": {"executed_lines": [], "summary": {"covered_lines": 0, "num_statements": 17, "percent_covered": 0.0, "percent_covered_display": "0", "missing_lines": 17, "excluded_lines": 0}, "missing_lines": [41, 42, 43, 46, 48, 60, 63, 64, 65, 68, 69, 70, 71, 73, 75, 76, 77], "excluded_lines": []}, "ComprehensiveTestFixer.fix_test_annotations.replacement": {"executed_lines": [], "summary": {"covered_lines": 0, "num_statements": 6, "percent_covered": 0.0, "percent_covered_display": "0", "missing_lines": 6, "excluded_lines": 0}, "missing_lines": [49, 50, 51, 54, 55, 57], "excluded_lines": []}, "ComprehensiveTestFixer.fix_common_import_issues": {"executed_lines": [], "summary": {"covered_lines": 0, "num_statements": 15, "percent_covered": 0.0, "percent_covered_display": "0", "missing_lines": 15, "excluded_lines": 0}, "missing_lines": [81, 82, 83, 85, 88, 89, 95, 96, 99, 100, 103, 104, 105, 107, 108], "excluded_lines": []}, "ComprehensiveTestFixer.test_single_file": {"executed_lines": [], "summary": {"covered_lines": 0, "num_statements": 25, "percent_covered": 0.0, "percent_covered_display": "0", "missing_lines": 25, "excluded_lines": 0}, "missing_lines": [112, 115, 116, 117, 118, 120, 121, 129, 132, 133, 134, 135, 136, 137, 138, 139, 140, 141, 143, 145, 146, 147, 148, 152, 153], "excluded_lines": []}, "ComprehensiveTestFixer.fix_and_test_all_files": {"executed_lines": [], "summary": {"covered_lines": 0, "num_statements": 43, "percent_covered": 0.0, "percent_covered_display": "0", "missing_lines": 43, "excluded_lines": 0}, "missing_lines": [157, 190, 191, 192, 194, 195, 197, 198, 199, 200, 202, 205, 206, 208, 209, 212, 213, 215, 217, 218, 219, 220, 221, 223, 224, 226, 227, 228, 229, 230, 232, 233, 234, 235, 236, 237, 238, 239, 241, 242, 243, 244, 246], "excluded_lines": []}, "ComprehensiveTestFixer.get_mypy_errors": {"executed_lines": [], "summary": {"covered_lines": 0, "num_statements": 12, "percent_covered": 0.0, "percent_covered_display": "0", "missing_lines": 12, "excluded_lines": 0}, "missing_lines": [250, 251, 252, 253, 255, 256, 257, 258, 260, 262, 263, 264], "excluded_lines": []}, "ComprehensiveTestFixer.fix_mypy_errors_batch": {"executed_lines": [], "summary": {"covered_lines": 0, "num_statements": 19, "percent_covered": 0.0, "percent_covered_display": "0", "missing_lines": 19, "excluded_lines": 0}, "missing_lines": [268, 269, 272, 273, 274, 275, 276, 277, 278, 279, 280, 281, 283, 284, 285, 288, 289, 290, 292], "excluded_lines": []}, "ComprehensiveTestFixer.fix_untyped_def_errors": {"executed_lines": [], "summary": {"covered_lines": 0, "num_statements": 24, "percent_covered": 0.0, "percent_covered_display": "0", "missing_lines": 24, "excluded_lines": 0}, "missing_lines": [296, 299, 300, 301, 302, 303, 304, 306, 307, 308, 309, 310, 312, 316, 318, 334, 336, 337, 338, 339, 340, 342, 343, 345], "excluded_lines": []}, "ComprehensiveTestFixer.fix_untyped_def_errors.replacement": {"executed_lines": [], "summary": {"covered_lines": 0, "num_statements": 8, "percent_covered": 0.0, "percent_covered_display": "0", "missing_lines": 8, "excluded_lines": 0}, "missing_lines": [319, 320, 321, 324, 325, 328, 329, 332], "excluded_lines": []}, "ComprehensiveTestFixer.run_comprehensive_coverage": {"executed_lines": [], "summary": {"covered_lines": 0, "num_statements": 27, "percent_covered": 0.0, "percent_covered_display": "0", "missing_lines": 27, "excluded_lines": 0}, "missing_lines": [349, 352, 353, 354, 355, 357, 359, 361, 362, 363, 365, 375, 378, 379, 380, 381, 382, 383, 384, 385, 387, 388, 390, 391, 392, 396, 397], "excluded_lines": []}, "main": {"executed_lines": [], "summary": {"covered_lines": 0, "num_statements": 21, "percent_covered": 0.0, "percent_covered_display": "0", "missing_lines": 21, "excluded_lines": 0}, "missing_lines": [401, 403, 404, 407, 410, 411, 412, 413, 416, 417, 418, 421, 422, 423, 424, 425, 426, 428, 429, 431, 433], "excluded_lines": []}, "": {"executed_lines": [], "summary": {"covered_lines": 0, "num_statements": 18, "percent_covered": 0.0, "percent_covered_display": "0", "missing_lines": 18, "excluded_lines": 2}, "missing_lines": [4, 5, 6, 7, 8, 9, 11, 12, 19, 39, 79, 110, 155, 248, 266, 294, 347, 399], "excluded_lines": [435, 436]}}, "classes": {"ComprehensiveTestFixer": {"executed_lines": [], "summary": {"covered_lines": 0, "num_statements": 204, "percent_covered": 0.0, "percent_covered_display": "0", "missing_lines": 204, "excluded_lines": 0}, "missing_lines": [13, 14, 15, 16, 17, 21, 36, 37, 41, 42, 43, 46, 48, 49, 50, 51, 54, 55, 57, 60, 63, 64, 65, 68, 69, 70, 71, 73, 75, 76, 77, 81, 82, 83, 85, 88, 89, 95, 96, 99, 100, 103, 104, 105, 107, 108, 112, 115, 116, 117, 118, 120, 121, 129, 132, 133, 134, 135, 136, 137, 138, 139, 140, 141, 143, 145, 146, 147, 148, 152, 153, 157, 190, 191, 192, 194, 195, 197, 198, 199, 200, 202, 205, 206, 208, 209, 212, 213, 215, 217, 218, 219, 220, 221, 223, 224, 226, 227, 228, 229, 230, 232, 233, 234, 235, 236, 237, 238, 239, 241, 242, 243, 244, 246, 250, 251, 252, 253, 255, 256, 257, 258, 260, 262, 263, 264, 268, 269, 272, 273, 274, 275, 276, 277, 278, 279, 280, 281, 283, 284, 285, 288, 289, 290, 292, 296, 299, 300, 301, 302, 303, 304, 306, 307, 308, 309, 310, 312, 316, 318, 319, 320, 321, 324, 325, 328, 329, 332, 334, 336, 337, 338, 339, 340, 342, 343, 345, 349, 352, 353, 354, 355, 357, 359, 361, 362, 363, 365, 375, 378, 379, 380, 381, 382, 383, 384, 385, 387, 388, 390, 391, 392, 396, 397], "excluded_lines": []}, "": {"executed_lines": [], "summary": {"covered_lines": 0, "num_statements": 39, "percent_covered": 0.0, "percent_covered_display": "0", "missing_lines": 39, "excluded_lines": 2}, "missing_lines": [4, 5, 6, 7, 8, 9, 11, 12, 19, 39, 79, 110, 155, 248, 266, 294, 347, 399, 401, 403, 404, 407, 410, 411, 412, 413, 416, 417, 418, 421, 422, 423, 424, 425, 426, 428, 429, 431, 433], "excluded_lines": [435, 436]}}}, "config/security.py": {"executed_lines": [1, 3, 8, 9, 11, 12, 15, 16, 18, 25, 26, 29, 30, 31, 34, 37, 40, 43, 46, 51, 54, 57, 58, 59, 62, 63, 66, 69, 70, 73, 74, 75, 78, 79, 80, 81, 84, 85, 86, 87, 88, 91, 92, 93, 94, 97, 98, 101, 102, 103, 104, 105, 106, 107, 108, 111, 112, 113, 114, 115, 116, 119, 120, 121, 122, 125, 126, 127, 128, 131, 132, 135, 136, 140, 143, 145, 148, 151, 153, 155, 158, 174, 179, 185, 190, 195, 200, 205, 208, 210, 214, 217, 220, 223, 225, 226, 229, 231], "summary": {"covered_lines": 97, "num_statements": 107, "percent_covered": 90.65420560747664, "percent_covered_display": "91", "missing_lines": 10, "excluded_lines": 0}, "missing_lines": [147, 154, 160, 180, 188, 193, 198, 203, 211, 218], "excluded_lines": [], "functions": {"get_cors_origins": {"executed_lines": [145, 148], "summary": {"covered_lines": 2, "num_statements": 3, "percent_covered": 66.66666666666667, "percent_covered_display": "67", "missing_lines": 1, "excluded_lines": 0}, "missing_lines": [147], "excluded_lines": []}, "get_trusted_hosts": {"executed_lines": [153, 155], "summary": {"covered_lines": 2, "num_statements": 3, "percent_covered": 66.66666666666667, "percent_covered_display": "67", "missing_lines": 1, "excluded_lines": 0}, "missing_lines": [154], "excluded_lines": []}, "get_content_security_policy": {"executed_lines": [], "summary": {"covered_lines": 0, "num_statements": 1, "percent_covered": 0.0, "percent_covered_display": "0", "missing_lines": 1, "excluded_lines": 0}, "missing_lines": [160], "excluded_lines": []}, "validate_password_strength": {"executed_lines": [179, 185, 190, 195, 200, 205], "summary": {"covered_lines": 6, "num_statements": 11, "percent_covered": 54.54545454545455, "percent_covered_display": "55", "missing_lines": 5, "excluded_lines": 0}, "missing_lines": [180, 188, 193, 198, 203], "excluded_lines": []}, "sanitize_input": {"executed_lines": [210, 214, 217, 220], "summary": {"covered_lines": 4, "num_statements": 6, "percent_covered": 66.66666666666667, "percent_covered_display": "67", "missing_lines": 2, "excluded_lines": 0}, "missing_lines": [211, 218], "excluded_lines": []}, "is_safe_filename": {"executed_lines": [225, 226], "summary": {"covered_lines": 2, "num_statements": 2, "percent_covered": 100.0, "percent_covered_display": "100", "missing_lines": 0, "excluded_lines": 0}, "missing_lines": [], "excluded_lines": []}, "get_rate_limit_config": {"executed_lines": [231], "summary": {"covered_lines": 1, "num_statements": 1, "percent_covered": 100.0, "percent_covered_display": "100", "missing_lines": 0, "excluded_lines": 0}, "missing_lines": [], "excluded_lines": []}, "": {"executed_lines": [1, 3, 8, 9, 11, 12, 15, 16, 18, 25, 26, 29, 30, 31, 34, 37, 40, 43, 46, 51, 54, 57, 58, 59, 62, 63, 66, 69, 70, 73, 74, 75, 78, 79, 80, 81, 84, 85, 86, 87, 88, 91, 92, 93, 94, 97, 98, 101, 102, 103, 104, 105, 106, 107, 108, 111, 112, 113, 114, 115, 116, 119, 120, 121, 122, 125, 126, 127, 128, 131, 132, 135, 136, 140, 143, 151, 158, 174, 208, 223, 229], "summary": {"covered_lines": 80, "num_statements": 80, "percent_covered": 100.0, "percent_covered_display": "100", "missing_lines": 0, "excluded_lines": 0}, "missing_lines": [], "excluded_lines": []}}, "classes": {"SecurityConfig": {"executed_lines": [], "summary": {"covered_lines": 0, "num_statements": 0, "percent_covered": 100.0, "percent_covered_display": "100", "missing_lines": 0, "excluded_lines": 0}, "missing_lines": [], "excluded_lines": []}, "": {"executed_lines": [1, 3, 8, 9, 11, 12, 15, 16, 18, 25, 26, 29, 30, 31, 34, 37, 40, 43, 46, 51, 54, 57, 58, 59, 62, 63, 66, 69, 70, 73, 74, 75, 78, 79, 80, 81, 84, 85, 86, 87, 88, 91, 92, 93, 94, 97, 98, 101, 102, 103, 104, 105, 106, 107, 108, 111, 112, 113, 114, 115, 116, 119, 120, 121, 122, 125, 126, 127, 128, 131, 132, 135, 136, 140, 143, 145, 148, 151, 153, 155, 158, 174, 179, 185, 190, 195, 200, 205, 208, 210, 214, 217, 220, 223, 225, 226, 229, 231], "summary": {"covered_lines": 97, "num_statements": 107, "percent_covered": 90.65420560747664, "percent_covered_display": "91", "missing_lines": 10, "excluded_lines": 0}, "missing_lines": [147, 154, 160, 180, 188, 193, 198, 203, 211, 218], "excluded_lines": []}}}, "coverage_booster.py": {"executed_lines": [], "summary": {"covered_lines": 0, "num_statements": 90, "percent_covered": 0.0, "percent_covered_display": "0", "missing_lines": 90, "excluded_lines": 2}, "missing_lines": [12, 13, 14, 15, 16, 17, 19, 21, 24, 87, 88, 90, 92, 94, 97, 353, 354, 357, 481, 482, 485, 559, 560, 562, 564, 566, 568, 570, 579, 580, 581, 582, 583, 586, 587, 588, 590, 591, 593, 594, 596, 597, 598, 600, 602, 604, 605, 607, 608, 610, 611, 617, 619, 621, 623, 624, 625, 627, 630, 658, 659, 660, 662, 664, 665, 668, 671, 674, 675, 677, 678, 679, 682, 683, 686, 687, 690, 691, 694, 695, 696, 697, 699, 700, 702, 704, 705, 706, 707, 709], "excluded_lines": [711, 712], "functions": {"setup_test_environment": {"executed_lines": [], "summary": {"covered_lines": 0, "num_statements": 5, "percent_covered": 0.0, "percent_covered_display": "0", "missing_lines": 5, "excluded_lines": 0}, "missing_lines": [21, 24, 87, 88, 90], "excluded_lines": []}, "create_coverage_focused_tests": {"executed_lines": [], "summary": {"covered_lines": 0, "num_statements": 11, "percent_covered": 0.0, "percent_covered_display": "0", "missing_lines": 11, "excluded_lines": 0}, "missing_lines": [94, 97, 353, 354, 357, 481, 482, 485, 559, 560, 562], "excluded_lines": []}, "run_coverage_analysis": {"executed_lines": [], "summary": {"covered_lines": 0, "num_statements": 18, "percent_covered": 0.0, "percent_covered_display": "0", "missing_lines": 18, "excluded_lines": 0}, "missing_lines": [566, 568, 570, 579, 580, 581, 582, 583, 586, 587, 588, 590, 591, 593, 594, 596, 597, 598], "excluded_lines": []}, "identify_uncovered_areas": {"executed_lines": [], "summary": {"covered_lines": 0, "num_statements": 8, "percent_covered": 0.0, "percent_covered_display": "0", "missing_lines": 8, "excluded_lines": 0}, "missing_lines": [602, 604, 605, 607, 608, 610, 611, 617], "excluded_lines": []}, "create_targeted_tests": {"executed_lines": [], "summary": {"covered_lines": 0, "num_statements": 9, "percent_covered": 0.0, "percent_covered_display": "0", "missing_lines": 9, "excluded_lines": 0}, "missing_lines": [621, 623, 624, 625, 627, 630, 658, 659, 660], "excluded_lines": []}, "main": {"executed_lines": [], "summary": {"covered_lines": 0, "num_statements": 27, "percent_covered": 0.0, "percent_covered_display": "0", "missing_lines": 27, "excluded_lines": 0}, "missing_lines": [664, 665, 668, 671, 674, 675, 677, 678, 679, 682, 683, 686, 687, 690, 691, 694, 695, 696, 697, 699, 700, 702, 704, 705, 706, 707, 709], "excluded_lines": []}, "": {"executed_lines": [], "summary": {"covered_lines": 0, "num_statements": 12, "percent_covered": 0.0, "percent_covered_display": "0", "missing_lines": 12, "excluded_lines": 2}, "missing_lines": [12, 13, 14, 15, 16, 17, 19, 92, 564, 600, 619, 662], "excluded_lines": [711, 712]}}, "classes": {"": {"executed_lines": [], "summary": {"covered_lines": 0, "num_statements": 90, "percent_covered": 0.0, "percent_covered_display": "0", "missing_lines": 90, "excluded_lines": 2}, "missing_lines": [12, 13, 14, 15, 16, 17, 19, 21, 24, 87, 88, 90, 92, 94, 97, 353, 354, 357, 481, 482, 485, 559, 560, 562, 564, 566, 568, 570, 579, 580, 581, 582, 583, 586, 587, 588, 590, 591, 593, 594, 596, 597, 598, 600, 602, 604, 605, 607, 608, 610, 611, 617, 619, 621, 623, 624, 625, 627, 630, 658, 659, 660, 662, 664, 665, 668, 671, 674, 675, 677, 678, 679, 682, 683, 686, 687, 690, 691, 694, 695, 696, 697, 699, 700, 702, 704, 705, 706, 707, 709], "excluded_lines": [711, 712]}}}, "final_coverage_push.py": {"executed_lines": [], "summary": {"covered_lines": 0, "num_statements": 83, "percent_covered": 0.0, "percent_covered_display": "0", "missing_lines": 83, "excluded_lines": 2}, "missing_lines": [12, 13, 14, 16, 18, 20, 605, 606, 608, 610, 612, 959, 960, 962, 964, 967, 997, 998, 1001, 1002, 1003, 1004, 1005, 1006, 1007, 1009, 1010, 1011, 1014, 1015, 1016, 1018, 1019, 1021, 1023, 1025, 1026, 1027, 1028, 1031, 1032, 1035, 1037, 1038, 1039, 1040, 1042, 1043, 1044, 1045, 1046, 1047, 1048, 1049, 1050, 1052, 1053, 1056, 1057, 1060, 1061, 1062, 1063, 1064, 1065, 1068, 1070, 1071, 1073, 1076, 1077, 1079, 1080, 1082, 1083, 1085, 1086, 1088, 1089, 1090, 1091, 1093, 1095], "excluded_lines": [1097, 1098], "functions": {"create_comprehensive_service_tests": {"executed_lines": [], "summary": {"covered_lines": 0, "num_statements": 4, "percent_covered": 0.0, "percent_covered_display": "0", "missing_lines": 4, "excluded_lines": 0}, "missing_lines": [18, 20, 605, 606], "excluded_lines": []}, "create_routes_and_integration_tests": {"executed_lines": [], "summary": {"covered_lines": 0, "num_statements": 4, "percent_covered": 0.0, "percent_covered_display": "0", "missing_lines": 4, "excluded_lines": 0}, "missing_lines": [610, 612, 959, 960], "excluded_lines": []}, "run_final_coverage_analysis": {"executed_lines": [], "summary": {"covered_lines": 0, "num_statements": 20, "percent_covered": 0.0, "percent_covered_display": "0", "missing_lines": 20, "excluded_lines": 0}, "missing_lines": [964, 967, 997, 998, 1001, 1002, 1003, 1004, 1005, 1006, 1007, 1009, 1010, 1011, 1014, 1015, 1016, 1018, 1019, 1021], "excluded_lines": []}, "main": {"executed_lines": [], "summary": {"covered_lines": 0, "num_statements": 48, "percent_covered": 0.0, "percent_covered_display": "0", "missing_lines": 48, "excluded_lines": 0}, "missing_lines": [1025, 1026, 1027, 1028, 1031, 1032, 1035, 1037, 1038, 1039, 1040, 1042, 1043, 1044, 1045, 1046, 1047, 1048, 1049, 1050, 1052, 1053, 1056, 1057, 1060, 1061, 1062, 1063, 1064, 1065, 1068, 1070, 1071, 1073, 1076, 1077, 1079, 1080, 1082, 1083, 1085, 1086, 1088, 1089, 1090, 1091, 1093, 1095], "excluded_lines": []}, "": {"executed_lines": [], "summary": {"covered_lines": 0, "num_statements": 7, "percent_covered": 0.0, "percent_covered_display": "0", "missing_lines": 7, "excluded_lines": 2}, "missing_lines": [12, 13, 14, 16, 608, 962, 1023], "excluded_lines": [1097, 1098]}}, "classes": {"": {"executed_lines": [], "summary": {"covered_lines": 0, "num_statements": 83, "percent_covered": 0.0, "percent_covered_display": "0", "missing_lines": 83, "excluded_lines": 2}, "missing_lines": [12, 13, 14, 16, 18, 20, 605, 606, 608, 610, 612, 959, 960, 962, 964, 967, 997, 998, 1001, 1002, 1003, 1004, 1005, 1006, 1007, 1009, 1010, 1011, 1014, 1015, 1016, 1018, 1019, 1021, 1023, 1025, 1026, 1027, 1028, 1031, 1032, 1035, 1037, 1038, 1039, 1040, 1042, 1043, 1044, 1045, 1046, 1047, 1048, 1049, 1050, 1052, 1053, 1056, 1057, 1060, 1061, 1062, 1063, 1064, 1065, 1068, 1070, 1071, 1073, 1076, 1077, 1079, 1080, 1082, 1083, 1085, 1086, 1088, 1089, 1090, 1091, 1093, 1095], "excluded_lines": [1097, 1098]}}}, "fix_indentation_errors.py": {"executed_lines": [], "summary": {"covered_lines": 0, "num_statements": 131, "percent_covered": 0.0, "percent_covered_display": "0", "missing_lines": 131, "excluded_lines": 2}, "missing_lines": [9, 10, 11, 12, 14, 16, 19, 21, 22, 24, 25, 26, 27, 28, 30, 32, 34, 35, 36, 37, 38, 39, 40, 41, 42, 44, 46, 47, 49, 50, 51, 54, 55, 56, 59, 60, 61, 63, 65, 66, 69, 71, 72, 74, 76, 78, 79, 81, 82, 83, 86, 87, 88, 91, 92, 93, 95, 97, 98, 101, 103, 104, 106, 108, 110, 111, 113, 114, 115, 118, 120, 121, 124, 125, 126, 128, 130, 131, 134, 136, 137, 139, 141, 143, 144, 145, 148, 149, 150, 151, 154, 155, 156, 159, 160, 161, 162, 163, 164, 166, 167, 168, 170, 171, 173, 174, 175, 177, 179, 181, 183, 184, 185, 187, 188, 189, 191, 193, 194, 195, 196, 198, 199, 200, 201, 204, 205, 206, 207, 208, 210], "excluded_lines": [212, 213], "functions": {"find_python_files_with_errors": {"executed_lines": [], "summary": {"covered_lines": 0, "num_statements": 10, "percent_covered": 0.0, "percent_covered_display": "0", "missing_lines": 10, "excluded_lines": 0}, "missing_lines": [16, 19, 21, 22, 24, 25, 26, 27, 28, 30], "excluded_lines": []}, "has_indentation_error": {"executed_lines": [], "summary": {"covered_lines": 0, "num_statements": 9, "percent_covered": 0.0, "percent_covered_display": "0", "missing_lines": 9, "excluded_lines": 0}, "missing_lines": [34, 35, 36, 37, 38, 39, 40, 41, 42], "excluded_lines": []}, "fix_function_pass_statements": {"executed_lines": [], "summary": {"covered_lines": 0, "num_statements": 18, "percent_covered": 0.0, "percent_covered_display": "0", "missing_lines": 18, "excluded_lines": 0}, "missing_lines": [46, 47, 49, 50, 51, 54, 55, 56, 59, 60, 61, 63, 65, 66, 69, 71, 72, 74], "excluded_lines": []}, "fix_class_pass_statements": {"executed_lines": [], "summary": {"covered_lines": 0, "num_statements": 18, "percent_covered": 0.0, "percent_covered_display": "0", "missing_lines": 18, "excluded_lines": 0}, "missing_lines": [78, 79, 81, 82, 83, 86, 87, 88, 91, 92, 93, 95, 97, 98, 101, 103, 104, 106], "excluded_lines": []}, "fix_if_else_pass_statements": {"executed_lines": [], "summary": {"covered_lines": 0, "num_statements": 18, "percent_covered": 0.0, "percent_covered_display": "0", "missing_lines": 18, "excluded_lines": 0}, "missing_lines": [110, 111, 113, 114, 115, 118, 120, 121, 124, 125, 126, 128, 130, 131, 134, 136, 137, 139], "excluded_lines": []}, "fix_file_indentation": {"executed_lines": [], "summary": {"covered_lines": 0, "num_statements": 24, "percent_covered": 0.0, "percent_covered_display": "0", "missing_lines": 24, "excluded_lines": 0}, "missing_lines": [143, 144, 145, 148, 149, 150, 151, 154, 155, 156, 159, 160, 161, 162, 163, 164, 166, 167, 168, 170, 171, 173, 174, 175], "excluded_lines": []}, "main": {"executed_lines": [], "summary": {"covered_lines": 0, "num_statements": 23, "percent_covered": 0.0, "percent_covered_display": "0", "missing_lines": 23, "excluded_lines": 0}, "missing_lines": [179, 181, 183, 184, 185, 187, 188, 189, 191, 193, 194, 195, 196, 198, 199, 200, 201, 204, 205, 206, 207, 208, 210], "excluded_lines": []}, "": {"executed_lines": [], "summary": {"covered_lines": 0, "num_statements": 11, "percent_covered": 0.0, "percent_covered_display": "0", "missing_lines": 11, "excluded_lines": 2}, "missing_lines": [9, 10, 11, 12, 14, 32, 44, 76, 108, 141, 177], "excluded_lines": [212, 213]}}, "classes": {"": {"executed_lines": [], "summary": {"covered_lines": 0, "num_statements": 131, "percent_covered": 0.0, "percent_covered_display": "0", "missing_lines": 131, "excluded_lines": 2}, "missing_lines": [9, 10, 11, 12, 14, 16, 19, 21, 22, 24, 25, 26, 27, 28, 30, 32, 34, 35, 36, 37, 38, 39, 40, 41, 42, 44, 46, 47, 49, 50, 51, 54, 55, 56, 59, 60, 61, 63, 65, 66, 69, 71, 72, 74, 76, 78, 79, 81, 82, 83, 86, 87, 88, 91, 92, 93, 95, 97, 98, 101, 103, 104, 106, 108, 110, 111, 113, 114, 115, 118, 120, 121, 124, 125, 126, 128, 130, 131, 134, 136, 137, 139, 141, 143, 144, 145, 148, 149, 150, 151, 154, 155, 156, 159, 160, 161, 162, 163, 164, 166, 167, 168, 170, 171, 173, 174, 175, 177, 179, 181, 183, 184, 185, 187, 188, 189, 191, 193, 194, 195, 196, 198, 199, 200, 201, 204, 205, 206, 207, 208, 210], "excluded_lines": [212, 213]}}}, "fix_remaining_indentation.py": {"executed_lines": [], "summary": {"covered_lines": 0, "num_statements": 92, "percent_covered": 0.0, "percent_covered_display": "0", "missing_lines": 92, "excluded_lines": 4}, "missing_lines": [6, 7, 8, 10, 14, 32, 33, 34, 35, 37, 39, 40, 41, 43, 47, 54, 55, 56, 58, 59, 62, 64, 65, 68, 70, 71, 72, 73, 75, 77, 78, 81, 82, 83, 86, 87, 88, 91, 94, 96, 97, 98, 99, 102, 103, 105, 108, 115, 118, 119, 120, 123, 124, 125, 126, 127, 128, 130, 132, 133, 135, 136, 137, 139, 141, 142, 143, 145, 147, 149, 150, 151, 153, 154, 155, 157, 159, 161, 163, 164, 166, 167, 168, 169, 170, 171, 173, 174, 175, 177, 178, 179], "excluded_lines": [181, 182, 183, 184], "functions": {"fix_complex_indentation_errors": {"executed_lines": [], "summary": {"covered_lines": 0, "num_statements": 5, "percent_covered": 0.0, "percent_covered_display": "0", "missing_lines": 5, "excluded_lines": 0}, "missing_lines": [14, 32, 33, 34, 35], "excluded_lines": []}, "fix_file_complex": {"executed_lines": [], "summary": {"covered_lines": 0, "num_statements": 53, "percent_covered": 0.0, "percent_covered_display": "0", "missing_lines": 53, "excluded_lines": 0}, "missing_lines": [39, 40, 41, 43, 47, 54, 55, 56, 58, 59, 62, 64, 65, 68, 70, 71, 72, 73, 75, 77, 78, 81, 82, 83, 86, 87, 88, 91, 94, 96, 97, 98, 99, 102, 103, 105, 108, 115, 118, 119, 120, 123, 124, 125, 126, 127, 128, 130, 132, 133, 135, 136, 137], "excluded_lines": []}, "fix_file_aggressive": {"executed_lines": [], "summary": {"covered_lines": 0, "num_statements": 28, "percent_covered": 0.0, "percent_covered_display": "0", "missing_lines": 28, "excluded_lines": 0}, "missing_lines": [141, 142, 143, 145, 147, 149, 150, 151, 153, 154, 155, 157, 159, 161, 163, 164, 166, 167, 168, 169, 170, 171, 173, 174, 175, 177, 178, 179], "excluded_lines": []}, "": {"executed_lines": [], "summary": {"covered_lines": 0, "num_statements": 6, "percent_covered": 0.0, "percent_covered_display": "0", "missing_lines": 6, "excluded_lines": 4}, "missing_lines": [6, 7, 8, 10, 37, 139], "excluded_lines": [181, 182, 183, 184]}}, "classes": {"": {"executed_lines": [], "summary": {"covered_lines": 0, "num_statements": 92, "percent_covered": 0.0, "percent_covered_display": "0", "missing_lines": 92, "excluded_lines": 4}, "missing_lines": [6, 7, 8, 10, 14, 32, 33, 34, 35, 37, 39, 40, 41, 43, 47, 54, 55, 56, 58, 59, 62, 64, 65, 68, 70, 71, 72, 73, 75, 77, 78, 81, 82, 83, 86, 87, 88, 91, 94, 96, 97, 98, 99, 102, 103, 105, 108, 115, 118, 119, 120, 123, 124, 125, 126, 127, 128, 130, 132, 133, 135, 136, 137, 139, 141, 142, 143, 145, 147, 149, 150, 151, 153, 154, 155, 157, 159, 161, 163, 164, 166, 167, 168, 169, 170, 171, 173, 174, 175, 177, 178, 179], "excluded_lines": [181, 182, 183, 184]}}}, "middleware/error_handler.py": {"executed_lines": [1, 2, 3, 4, 5, 7, 8, 9, 11, 14, 15, 17, 25, 26, 27, 28, 29, 30, 33, 34, 36, 37, 45, 46, 48, 49, 56, 57, 59, 60, 67, 68, 70, 71, 78, 79, 81, 84, 92, 93, 95, 96, 103, 104, 106, 107, 115, 117, 124, 125, 126, 127, 128, 129, 134, 139, 140, 141, 142, 143, 144, 150, 151, 152, 153, 155, 158, 162, 164, 165, 178, 181, 195, 211, 212, 214, 217, 219, 220, 223, 224, 225, 228, 231, 234, 237, 255, 256, 259, 260, 261, 264, 267, 268, 271, 276, 278, 279, 280, 281, 285, 286, 288, 289, 290, 296, 298, 299, 301, 302, 305, 306, 309, 324], "summary": {"covered_lines": 105, "num_statements": 124, "percent_covered": 84.6774193548387, "percent_covered_display": "85", "missing_lines": 19, "excluded_lines": 0}, "missing_lines": [130, 131, 132, 133, 135, 136, 137, 138, 145, 146, 147, 148, 179, 182, 226, 262, 269, 307, 311], "excluded_lines": [], "functions": {"APIError.__init__": {"executed_lines": [25, 26, 27, 28, 29, 30], "summary": {"covered_lines": 6, "num_statements": 6, "percent_covered": 100.0, "percent_covered_display": "100", "missing_lines": 0, "excluded_lines": 0}, "missing_lines": [], "excluded_lines": []}, "ValidationError.__init__": {"executed_lines": [37], "summary": {"covered_lines": 1, "num_statements": 1, "percent_covered": 100.0, "percent_covered_display": "100", "missing_lines": 0, "excluded_lines": 0}, "missing_lines": [], "excluded_lines": []}, "AuthenticationError.__init__": {"executed_lines": [49], "summary": {"covered_lines": 1, "num_statements": 1, "percent_covered": 100.0, "percent_covered_display": "100", "missing_lines": 0, "excluded_lines": 0}, "missing_lines": [], "excluded_lines": []}, "AuthorizationError.__init__": {"executed_lines": [60], "summary": {"covered_lines": 1, "num_statements": 1, "percent_covered": 100.0, "percent_covered_display": "100", "missing_lines": 0, "excluded_lines": 0}, "missing_lines": [], "excluded_lines": []}, "NotFoundError.__init__": {"executed_lines": [71], "summary": {"covered_lines": 1, "num_statements": 1, "percent_covered": 100.0, "percent_covered_display": "100", "missing_lines": 0, "excluded_lines": 0}, "missing_lines": [], "excluded_lines": []}, "RateLimitError.__init__": {"executed_lines": [84], "summary": {"covered_lines": 1, "num_statements": 1, "percent_covered": 100.0, "percent_covered_display": "100", "missing_lines": 0, "excluded_lines": 0}, "missing_lines": [], "excluded_lines": []}, "ServiceUnavailableError.__init__": {"executed_lines": [96], "summary": {"covered_lines": 1, "num_statements": 1, "percent_covered": 100.0, "percent_covered_display": "100", "missing_lines": 0, "excluded_lines": 0}, "missing_lines": [], "excluded_lines": []}, "ExternalServiceError.__init__": {"executed_lines": [107], "summary": {"covered_lines": 1, "num_statements": 1, "percent_covered": 100.0, "percent_covered_display": "100", "missing_lines": 0, "excluded_lines": 0}, "missing_lines": [], "excluded_lines": []}, "categorize_error": {"executed_lines": [117, 124, 125, 126, 127, 128, 129, 134, 139, 140, 141, 142, 143, 144, 150, 151, 152, 153, 155], "summary": {"covered_lines": 19, "num_statements": 31, "percent_covered": 61.29032258064516, "percent_covered_display": "61", "missing_lines": 12, "excluded_lines": 0}, "missing_lines": [130, 131, 132, 133, 135, 136, 137, 138, 145, 146, 147, 148], "excluded_lines": []}, "create_error_response": {"executed_lines": [162, 164, 165, 178, 181, 195, 211, 212, 214], "summary": {"covered_lines": 9, "num_statements": 11, "percent_covered": 81.81818181818181, "percent_covered_display": "82", "missing_lines": 2, "excluded_lines": 0}, "missing_lines": [179, 182], "excluded_lines": []}, "error_handler": {"executed_lines": [219, 220, 223, 224, 225, 228, 231, 234, 237, 255, 256, 259, 260, 261, 264, 267, 268, 271], "summary": {"covered_lines": 18, "num_statements": 21, "percent_covered": 85.71428571428571, "percent_covered_display": "86", "missing_lines": 3, "excluded_lines": 0}, "missing_lines": [226, 262, 269], "excluded_lines": []}, "setup_error_handlers": {"executed_lines": [278, 279, 280, 281], "summary": {"covered_lines": 4, "num_statements": 4, "percent_covered": 100.0, "percent_covered_display": "100", "missing_lines": 0, "excluded_lines": 0}, "missing_lines": [], "excluded_lines": []}, "ErrorTracker.__init__": {"executed_lines": [289, 290], "summary": {"covered_lines": 2, "num_statements": 2, "percent_covered": 100.0, "percent_covered_display": "100", "missing_lines": 0, "excluded_lines": 0}, "missing_lines": [], "excluded_lines": []}, "ErrorTracker.track_error": {"executed_lines": [298, 299, 301, 302, 305, 306], "summary": {"covered_lines": 6, "num_statements": 7, "percent_covered": 85.71428571428571, "percent_covered_display": "86", "missing_lines": 1, "excluded_lines": 0}, "missing_lines": [307], "excluded_lines": []}, "ErrorTracker._send_alert": {"executed_lines": [], "summary": {"covered_lines": 0, "num_statements": 1, "percent_covered": 0.0, "percent_covered_display": "0", "missing_lines": 1, "excluded_lines": 0}, "missing_lines": [311], "excluded_lines": []}, "": {"executed_lines": [1, 2, 3, 4, 5, 7, 8, 9, 11, 14, 15, 17, 33, 34, 36, 45, 46, 48, 56, 57, 59, 67, 68, 70, 78, 79, 81, 92, 93, 95, 103, 104, 106, 115, 158, 217, 276, 285, 286, 288, 296, 309, 324], "summary": {"covered_lines": 34, "num_statements": 34, "percent_covered": 100.0, "percent_covered_display": "100", "missing_lines": 0, "excluded_lines": 0}, "missing_lines": [], "excluded_lines": []}}, "classes": {"APIError": {"executed_lines": [25, 26, 27, 28, 29, 30], "summary": {"covered_lines": 6, "num_statements": 6, "percent_covered": 100.0, "percent_covered_display": "100", "missing_lines": 0, "excluded_lines": 0}, "missing_lines": [], "excluded_lines": []}, "ValidationError": {"executed_lines": [37], "summary": {"covered_lines": 1, "num_statements": 1, "percent_covered": 100.0, "percent_covered_display": "100", "missing_lines": 0, "excluded_lines": 0}, "missing_lines": [], "excluded_lines": []}, "AuthenticationError": {"executed_lines": [49], "summary": {"covered_lines": 1, "num_statements": 1, "percent_covered": 100.0, "percent_covered_display": "100", "missing_lines": 0, "excluded_lines": 0}, "missing_lines": [], "excluded_lines": []}, "AuthorizationError": {"executed_lines": [60], "summary": {"covered_lines": 1, "num_statements": 1, "percent_covered": 100.0, "percent_covered_display": "100", "missing_lines": 0, "excluded_lines": 0}, "missing_lines": [], "excluded_lines": []}, "NotFoundError": {"executed_lines": [71], "summary": {"covered_lines": 1, "num_statements": 1, "percent_covered": 100.0, "percent_covered_display": "100", "missing_lines": 0, "excluded_lines": 0}, "missing_lines": [], "excluded_lines": []}, "RateLimitError": {"executed_lines": [84], "summary": {"covered_lines": 1, "num_statements": 1, "percent_covered": 100.0, "percent_covered_display": "100", "missing_lines": 0, "excluded_lines": 0}, "missing_lines": [], "excluded_lines": []}, "ServiceUnavailableError": {"executed_lines": [96], "summary": {"covered_lines": 1, "num_statements": 1, "percent_covered": 100.0, "percent_covered_display": "100", "missing_lines": 0, "excluded_lines": 0}, "missing_lines": [], "excluded_lines": []}, "ExternalServiceError": {"executed_lines": [107], "summary": {"covered_lines": 1, "num_statements": 1, "percent_covered": 100.0, "percent_covered_display": "100", "missing_lines": 0, "excluded_lines": 0}, "missing_lines": [], "excluded_lines": []}, "ErrorTracker": {"executed_lines": [289, 290, 298, 299, 301, 302, 305, 306], "summary": {"covered_lines": 8, "num_statements": 10, "percent_covered": 80.0, "percent_covered_display": "80", "missing_lines": 2, "excluded_lines": 0}, "missing_lines": [307, 311], "excluded_lines": []}, "": {"executed_lines": [1, 2, 3, 4, 5, 7, 8, 9, 11, 14, 15, 17, 33, 34, 36, 45, 46, 48, 56, 57, 59, 67, 68, 70, 78, 79, 81, 92, 93, 95, 103, 104, 106, 115, 117, 124, 125, 126, 127, 128, 129, 134, 139, 140, 141, 142, 143, 144, 150, 151, 152, 153, 155, 158, 162, 164, 165, 178, 181, 195, 211, 212, 214, 217, 219, 220, 223, 224, 225, 228, 231, 234, 237, 255, 256, 259, 260, 261, 264, 267, 268, 271, 276, 278, 279, 280, 281, 285, 286, 288, 296, 309, 324], "summary": {"covered_lines": 84, "num_statements": 101, "percent_covered": 83.16831683168317, "percent_covered_display": "83", "missing_lines": 17, "excluded_lines": 0}, "missing_lines": [130, 131, 132, 133, 135, 136, 137, 138, 145, 146, 147, 148, 179, 182, 226, 262, 269], "excluded_lines": []}}}, "middleware/logging.py": {"executed_lines": [1, 2, 3, 4, 5, 7, 8, 9, 11, 14, 15, 32, 125, 126, 128, 132, 161, 162, 163, 165, 168, 170], "summary": {"covered_lines": 21, "num_statements": 82, "percent_covered": 25.609756097560975, "percent_covered_display": "26", "missing_lines": 61, "excluded_lines": 0}, "missing_lines": [24, 25, 26, 27, 28, 29, 30, 34, 38, 41, 42, 45, 46, 47, 48, 49, 50, 51, 52, 55, 66, 69, 70, 71, 74, 75, 76, 77, 78, 79, 80, 81, 82, 83, 84, 87, 96, 97, 100, 101, 105, 109, 111, 112, 113, 122, 129, 130, 134, 142, 143, 144, 145, 146, 147, 148, 151, 153, 154, 155, 158], "excluded_lines": [], "functions": {"LoggingMiddleware.__init__": {"executed_lines": [], "summary": {"covered_lines": 0, "num_statements": 7, "percent_covered": 0.0, "percent_covered_display": "0", "missing_lines": 7, "excluded_lines": 0}, "missing_lines": [24, 25, 26, 27, 28, 29, 30], "excluded_lines": []}, "LoggingMiddleware.dispatch": {"executed_lines": [], "summary": {"covered_lines": 0, "num_statements": 39, "percent_covered": 0.0, "percent_covered_display": "0", "missing_lines": 39, "excluded_lines": 0}, "missing_lines": [34, 38, 41, 42, 45, 46, 47, 48, 49, 50, 51, 52, 55, 66, 69, 70, 71, 74, 75, 76, 77, 78, 79, 80, 81, 82, 83, 84, 87, 96, 97, 100, 101, 105, 109, 111, 112, 113, 122], "excluded_lines": []}, "RequestContextMiddleware.__init__": {"executed_lines": [], "summary": {"covered_lines": 0, "num_statements": 2, "percent_covered": 0.0, "percent_covered_display": "0", "missing_lines": 2, "excluded_lines": 0}, "missing_lines": [129, 130], "excluded_lines": []}, "RequestContextMiddleware.dispatch": {"executed_lines": [], "summary": {"covered_lines": 0, "num_statements": 8, "percent_covered": 0.0, "percent_covered_display": "0", "missing_lines": 8, "excluded_lines": 0}, "missing_lines": [134, 142, 143, 151, 153, 154, 155, 158], "excluded_lines": []}, "RequestContextMiddleware.dispatch.ContextFilter.filter": {"executed_lines": [], "summary": {"covered_lines": 0, "num_statements": 5, "percent_covered": 0.0, "percent_covered_display": "0", "missing_lines": 5, "excluded_lines": 0}, "missing_lines": [144, 145, 146, 147, 148], "excluded_lines": []}, "setup_logging": {"executed_lines": [162, 163, 165, 168, 170], "summary": {"covered_lines": 5, "num_statements": 5, "percent_covered": 100.0, "percent_covered_display": "100", "missing_lines": 0, "excluded_lines": 0}, "missing_lines": [], "excluded_lines": []}, "": {"executed_lines": [1, 2, 3, 4, 5, 7, 8, 9, 11, 14, 15, 32, 125, 126, 128, 132, 161], "summary": {"covered_lines": 16, "num_statements": 16, "percent_covered": 100.0, "percent_covered_display": "100", "missing_lines": 0, "excluded_lines": 0}, "missing_lines": [], "excluded_lines": []}}, "classes": {"LoggingMiddleware": {"executed_lines": [], "summary": {"covered_lines": 0, "num_statements": 46, "percent_covered": 0.0, "percent_covered_display": "0", "missing_lines": 46, "excluded_lines": 0}, "missing_lines": [24, 25, 26, 27, 28, 29, 30, 34, 38, 41, 42, 45, 46, 47, 48, 49, 50, 51, 52, 55, 66, 69, 70, 71, 74, 75, 76, 77, 78, 79, 80, 81, 82, 83, 84, 87, 96, 97, 100, 101, 105, 109, 111, 112, 113, 122], "excluded_lines": []}, "RequestContextMiddleware": {"executed_lines": [], "summary": {"covered_lines": 0, "num_statements": 10, "percent_covered": 0.0, "percent_covered_display": "0", "missing_lines": 10, "excluded_lines": 0}, "missing_lines": [129, 130, 134, 142, 143, 151, 153, 154, 155, 158], "excluded_lines": []}, "RequestContextMiddleware.dispatch.ContextFilter": {"executed_lines": [], "summary": {"covered_lines": 0, "num_statements": 5, "percent_covered": 0.0, "percent_covered_display": "0", "missing_lines": 5, "excluded_lines": 0}, "missing_lines": [144, 145, 146, 147, 148], "excluded_lines": []}, "": {"executed_lines": [1, 2, 3, 4, 5, 7, 8, 9, 11, 14, 15, 32, 125, 126, 128, 132, 161, 162, 163, 165, 168, 170], "summary": {"covered_lines": 21, "num_statements": 21, "percent_covered": 100.0, "percent_covered_display": "100", "missing_lines": 0, "excluded_lines": 0}, "missing_lines": [], "excluded_lines": []}}}, "middleware/rate_limit.py": {"executed_lines": [1, 9, 10, 12, 13, 15, 16, 18, 21, 22, 24, 31, 32, 33, 34, 35, 37, 63, 87, 90, 139, 155, 157, 158], "summary": {"covered_lines": 22, "num_statements": 69, "percent_covered": 31.884057971014492, "percent_covered_display": "32", "missing_lines": 47, "excluded_lines": 0}, "missing_lines": [39, 40, 41, 44, 45, 48, 49, 52, 56, 58, 59, 61, 65, 66, 67, 70, 71, 73, 74, 77, 79, 81, 82, 83, 92, 94, 97, 98, 99, 102, 111, 112, 113, 116, 125, 130, 131, 133, 134, 136, 142, 143, 146, 147, 148, 151, 152], "excluded_lines": [], "functions": {"RateLimiter.__init__": {"executed_lines": [31, 32, 33, 34, 35], "summary": {"covered_lines": 5, "num_statements": 5, "percent_covered": 100.0, "percent_covered_display": "100", "missing_lines": 0, "excluded_lines": 0}, "missing_lines": [], "excluded_lines": []}, "RateLimiter.check_rate_limit": {"executed_lines": [], "summary": {"covered_lines": 0, "num_statements": 12, "percent_covered": 0.0, "percent_covered_display": "0", "missing_lines": 12, "excluded_lines": 0}, "missing_lines": [39, 40, 41, 44, 45, 48, 49, 52, 56, 58, 59, 61], "excluded_lines": []}, "RateLimiter.check_burst_limit": {"executed_lines": [], "summary": {"covered_lines": 0, "num_statements": 12, "percent_covered": 0.0, "percent_covered_display": "0", "missing_lines": 12, "excluded_lines": 0}, "missing_lines": [65, 66, 67, 70, 71, 73, 74, 77, 79, 81, 82, 83], "excluded_lines": []}, "rate_limit_middleware": {"executed_lines": [], "summary": {"covered_lines": 0, "num_statements": 16, "percent_covered": 0.0, "percent_covered_display": "0", "missing_lines": 16, "excluded_lines": 0}, "missing_lines": [92, 94, 97, 98, 99, 102, 111, 112, 113, 116, 125, 130, 131, 133, 134, 136], "excluded_lines": []}, "_get_client_identifier": {"executed_lines": [], "summary": {"covered_lines": 0, "num_statements": 7, "percent_covered": 0.0, "percent_covered_display": "0", "missing_lines": 7, "excluded_lines": 0}, "missing_lines": [142, 143, 146, 147, 148, 151, 152], "excluded_lines": []}, "setup_rate_limiting": {"executed_lines": [157, 158], "summary": {"covered_lines": 2, "num_statements": 2, "percent_covered": 100.0, "percent_covered_display": "100", "missing_lines": 0, "excluded_lines": 0}, "missing_lines": [], "excluded_lines": []}, "": {"executed_lines": [1, 9, 10, 12, 13, 15, 16, 18, 21, 22, 24, 37, 63, 87, 90, 139, 155], "summary": {"covered_lines": 15, "num_statements": 15, "percent_covered": 100.0, "percent_covered_display": "100", "missing_lines": 0, "excluded_lines": 0}, "missing_lines": [], "excluded_lines": []}}, "classes": {"RateLimiter": {"executed_lines": [31, 32, 33, 34, 35], "summary": {"covered_lines": 5, "num_statements": 29, "percent_covered": 17.24137931034483, "percent_covered_display": "17", "missing_lines": 24, "excluded_lines": 0}, "missing_lines": [39, 40, 41, 44, 45, 48, 49, 52, 56, 58, 59, 61, 65, 66, 67, 70, 71, 73, 74, 77, 79, 81, 82, 83], "excluded_lines": []}, "": {"executed_lines": [1, 9, 10, 12, 13, 15, 16, 18, 21, 22, 24, 37, 63, 87, 90, 139, 155, 157, 158], "summary": {"covered_lines": 17, "num_statements": 40, "percent_covered": 42.5, "percent_covered_display": "42", "missing_lines": 23, "excluded_lines": 0}, "missing_lines": [92, 94, 97, 98, 99, 102, 111, 112, 113, 116, 125, 130, 131, 133, 134, 136, 142, 143, 146, 147, 148, 151, 152], "excluded_lines": []}}}, "models/auth.py": {"executed_lines": [1, 5, 6, 7, 9, 12, 13, 15, 16, 17, 18, 21, 22, 25, 26, 27, 30, 31, 32, 33, 36, 37, 38, 41, 42, 45, 46, 47, 50, 51, 53, 54, 55, 59, 110, 111, 113, 114, 115, 116, 117, 119, 120, 121, 122, 123, 124, 125, 126, 127, 128, 129, 132, 133, 135, 136, 139, 140, 142, 143, 144, 145, 148, 149, 151, 152, 154, 155, 156, 157, 158, 159, 160, 161, 162, 163, 164, 167, 168, 170, 173, 174, 176, 177, 179, 180, 181, 182, 183, 185, 187, 189, 192, 193, 195, 198, 199, 201, 204, 205, 207, 208, 209, 210, 211, 212, 213, 214, 215, 216, 217, 220, 221, 223, 224, 225, 226, 229, 230, 232, 235, 236, 238, 239, 242, 243, 245, 246, 247, 248, 251, 252, 254, 255, 256, 257, 258, 259, 260, 261, 264, 266, 267, 270, 272, 273, 276, 278, 286, 288, 289], "summary": {"covered_lines": 133, "num_statements": 136, "percent_covered": 97.79411764705883, "percent_covered_display": "98", "missing_lines": 3, "excluded_lines": 0}, "missing_lines": [184, 186, 188], "excluded_lines": [], "functions": {"UserCreate.validate_password": {"executed_lines": [121, 122, 123, 124, 125, 126, 127, 128, 129], "summary": {"covered_lines": 9, "num_statements": 9, "percent_covered": 100.0, "percent_covered_display": "100", "missing_lines": 0, "excluded_lines": 0}, "missing_lines": [], "excluded_lines": []}, "PasswordChange.validate_new_password": {"executed_lines": [156, 157, 158, 159, 160, 161, 162, 163, 164], "summary": {"covered_lines": 9, "num_statements": 9, "percent_covered": 100.0, "percent_covered_display": "100", "missing_lines": 0, "excluded_lines": 0}, "missing_lines": [], "excluded_lines": []}, "PasswordResetConfirm.validate_new_password": {"executed_lines": [181, 182, 183, 185, 187, 189], "summary": {"covered_lines": 6, "num_statements": 9, "percent_covered": 66.66666666666667, "percent_covered_display": "67", "missing_lines": 3, "excluded_lines": 0}, "missing_lines": [184, 186, 188], "excluded_lines": []}, "get_user_permissions": {"executed_lines": [266, 267], "summary": {"covered_lines": 2, "num_statements": 2, "percent_covered": 100.0, "percent_covered_display": "100", "missing_lines": 0, "excluded_lines": 0}, "missing_lines": [], "excluded_lines": []}, "has_permission": {"executed_lines": [272, 273], "summary": {"covered_lines": 2, "num_statements": 2, "percent_covered": 100.0, "percent_covered_display": "100", "missing_lines": 0, "excluded_lines": 0}, "missing_lines": [], "excluded_lines": []}, "get_role_hierarchy": {"executed_lines": [278], "summary": {"covered_lines": 1, "num_statements": 1, "percent_covered": 100.0, "percent_covered_display": "100", "missing_lines": 0, "excluded_lines": 0}, "missing_lines": [], "excluded_lines": []}, "can_manage_role": {"executed_lines": [288, 289], "summary": {"covered_lines": 2, "num_statements": 2, "percent_covered": 100.0, "percent_covered_display": "100", "missing_lines": 0, "excluded_lines": 0}, "missing_lines": [], "excluded_lines": []}, "": {"executed_lines": [1, 5, 6, 7, 9, 12, 13, 15, 16, 17, 18, 21, 22, 25, 26, 27, 30, 31, 32, 33, 36, 37, 38, 41, 42, 45, 46, 47, 50, 51, 53, 54, 55, 59, 110, 111, 113, 114, 115, 116, 117, 119, 120, 132, 133, 135, 136, 139, 140, 142, 143, 144, 145, 148, 149, 151, 152, 154, 155, 167, 168, 170, 173, 174, 176, 177, 179, 180, 192, 193, 195, 198, 199, 201, 204, 205, 207, 208, 209, 210, 211, 212, 213, 214, 215, 216, 217, 220, 221, 223, 224, 225, 226, 229, 230, 232, 235, 236, 238, 239, 242, 243, 245, 246, 247, 248, 251, 252, 254, 255, 256, 257, 258, 259, 260, 261, 264, 270, 276, 286], "summary": {"covered_lines": 102, "num_statements": 102, "percent_covered": 100.0, "percent_covered_display": "100", "missing_lines": 0, "excluded_lines": 0}, "missing_lines": [], "excluded_lines": []}}, "classes": {"UserRole": {"executed_lines": [], "summary": {"covered_lines": 0, "num_statements": 0, "percent_covered": 100.0, "percent_covered_display": "100", "missing_lines": 0, "excluded_lines": 0}, "missing_lines": [], "excluded_lines": []}, "Permission": {"executed_lines": [], "summary": {"covered_lines": 0, "num_statements": 0, "percent_covered": 100.0, "percent_covered_display": "100", "missing_lines": 0, "excluded_lines": 0}, "missing_lines": [], "excluded_lines": []}, "RolePermission": {"executed_lines": [], "summary": {"covered_lines": 0, "num_statements": 0, "percent_covered": 100.0, "percent_covered_display": "100", "missing_lines": 0, "excluded_lines": 0}, "missing_lines": [], "excluded_lines": []}, "UserCreate": {"executed_lines": [121, 122, 123, 124, 125, 126, 127, 128, 129], "summary": {"covered_lines": 9, "num_statements": 9, "percent_covered": 100.0, "percent_covered_display": "100", "missing_lines": 0, "excluded_lines": 0}, "missing_lines": [], "excluded_lines": []}, "UserLogin": {"executed_lines": [], "summary": {"covered_lines": 0, "num_statements": 0, "percent_covered": 100.0, "percent_covered_display": "100", "missing_lines": 0, "excluded_lines": 0}, "missing_lines": [], "excluded_lines": []}, "UserUpdate": {"executed_lines": [], "summary": {"covered_lines": 0, "num_statements": 0, "percent_covered": 100.0, "percent_covered_display": "100", "missing_lines": 0, "excluded_lines": 0}, "missing_lines": [], "excluded_lines": []}, "PasswordChange": {"executed_lines": [156, 157, 158, 159, 160, 161, 162, 163, 164], "summary": {"covered_lines": 9, "num_statements": 9, "percent_covered": 100.0, "percent_covered_display": "100", "missing_lines": 0, "excluded_lines": 0}, "missing_lines": [], "excluded_lines": []}, "PasswordResetRequest": {"executed_lines": [], "summary": {"covered_lines": 0, "num_statements": 0, "percent_covered": 100.0, "percent_covered_display": "100", "missing_lines": 0, "excluded_lines": 0}, "missing_lines": [], "excluded_lines": []}, "PasswordResetConfirm": {"executed_lines": [181, 182, 183, 185, 187, 189], "summary": {"covered_lines": 6, "num_statements": 9, "percent_covered": 66.66666666666667, "percent_covered_display": "67", "missing_lines": 3, "excluded_lines": 0}, "missing_lines": [184, 186, 188], "excluded_lines": []}, "EmailVerificationRequest": {"executed_lines": [], "summary": {"covered_lines": 0, "num_statements": 0, "percent_covered": 100.0, "percent_covered_display": "100", "missing_lines": 0, "excluded_lines": 0}, "missing_lines": [], "excluded_lines": []}, "EmailVerificationConfirm": {"executed_lines": [], "summary": {"covered_lines": 0, "num_statements": 0, "percent_covered": 100.0, "percent_covered_display": "100", "missing_lines": 0, "excluded_lines": 0}, "missing_lines": [], "excluded_lines": []}, "UserResponse": {"executed_lines": [], "summary": {"covered_lines": 0, "num_statements": 0, "percent_covered": 100.0, "percent_covered_display": "100", "missing_lines": 0, "excluded_lines": 0}, "missing_lines": [], "excluded_lines": []}, "TokenResponse": {"executed_lines": [], "summary": {"covered_lines": 0, "num_statements": 0, "percent_covered": 100.0, "percent_covered_display": "100", "missing_lines": 0, "excluded_lines": 0}, "missing_lines": [], "excluded_lines": []}, "RefreshTokenRequest": {"executed_lines": [], "summary": {"covered_lines": 0, "num_statements": 0, "percent_covered": 100.0, "percent_covered_display": "100", "missing_lines": 0, "excluded_lines": 0}, "missing_lines": [], "excluded_lines": []}, "PermissionCheck": {"executed_lines": [], "summary": {"covered_lines": 0, "num_statements": 0, "percent_covered": 100.0, "percent_covered_display": "100", "missing_lines": 0, "excluded_lines": 0}, "missing_lines": [], "excluded_lines": []}, "RoleAssignment": {"executed_lines": [], "summary": {"covered_lines": 0, "num_statements": 0, "percent_covered": 100.0, "percent_covered_display": "100", "missing_lines": 0, "excluded_lines": 0}, "missing_lines": [], "excluded_lines": []}, "AuditLogEntry": {"executed_lines": [], "summary": {"covered_lines": 0, "num_statements": 0, "percent_covered": 100.0, "percent_covered_display": "100", "missing_lines": 0, "excluded_lines": 0}, "missing_lines": [], "excluded_lines": []}, "": {"executed_lines": [1, 5, 6, 7, 9, 12, 13, 15, 16, 17, 18, 21, 22, 25, 26, 27, 30, 31, 32, 33, 36, 37, 38, 41, 42, 45, 46, 47, 50, 51, 53, 54, 55, 59, 110, 111, 113, 114, 115, 116, 117, 119, 120, 132, 133, 135, 136, 139, 140, 142, 143, 144, 145, 148, 149, 151, 152, 154, 155, 167, 168, 170, 173, 174, 176, 177, 179, 180, 192, 193, 195, 198, 199, 201, 204, 205, 207, 208, 209, 210, 211, 212, 213, 214, 215, 216, 217, 220, 221, 223, 224, 225, 226, 229, 230, 232, 235, 236, 238, 239, 242, 243, 245, 246, 247, 248, 251, 252, 254, 255, 256, 257, 258, 259, 260, 261, 264, 266, 267, 270, 272, 273, 276, 278, 286, 288, 289], "summary": {"covered_lines": 109, "num_statements": 109, "percent_covered": 100.0, "percent_covered_display": "100", "missing_lines": 0, "excluded_lines": 0}, "missing_lines": [], "excluded_lines": []}}}, "models/flashcard.py": {"executed_lines": [1, 5, 6, 8, 11, 12, 13, 14, 15, 16, 19, 20, 23, 24, 25, 26, 27, 28, 29, 30, 31, 32, 35, 36, 37, 38, 39, 40, 41, 42, 43, 45], "summary": {"covered_lines": 31, "num_statements": 31, "percent_covered": 100.0, "percent_covered_display": "100", "missing_lines": 0, "excluded_lines": 0}, "missing_lines": [], "excluded_lines": [], "functions": {"": {"executed_lines": [1, 5, 6, 8, 11, 12, 13, 14, 15, 16, 19, 20, 23, 24, 25, 26, 27, 28, 29, 30, 31, 32, 35, 36, 37, 38, 39, 40, 41, 42, 43, 45], "summary": {"covered_lines": 31, "num_statements": 31, "percent_covered": 100.0, "percent_covered_display": "100", "missing_lines": 0, "excluded_lines": 0}, "missing_lines": [], "excluded_lines": []}}, "classes": {"FlashcardBase": {"executed_lines": [], "summary": {"covered_lines": 0, "num_statements": 0, "percent_covered": 100.0, "percent_covered_display": "100", "missing_lines": 0, "excluded_lines": 0}, "missing_lines": [], "excluded_lines": []}, "FlashcardCreate": {"executed_lines": [], "summary": {"covered_lines": 0, "num_statements": 0, "percent_covered": 100.0, "percent_covered_display": "100", "missing_lines": 0, "excluded_lines": 0}, "missing_lines": [], "excluded_lines": []}, "FlashcardUpdate": {"executed_lines": [], "summary": {"covered_lines": 0, "num_statements": 0, "percent_covered": 100.0, "percent_covered_display": "100", "missing_lines": 0, "excluded_lines": 0}, "missing_lines": [], "excluded_lines": []}, "Flashcard": {"executed_lines": [], "summary": {"covered_lines": 0, "num_statements": 0, "percent_covered": 100.0, "percent_covered_display": "100", "missing_lines": 0, "excluded_lines": 0}, "missing_lines": [], "excluded_lines": []}, "": {"executed_lines": [1, 5, 6, 8, 11, 12, 13, 14, 15, 16, 19, 20, 23, 24, 25, 26, 27, 28, 29, 30, 31, 32, 35, 36, 37, 38, 39, 40, 41, 42, 43, 45], "summary": {"covered_lines": 31, "num_statements": 31, "percent_covered": 100.0, "percent_covered_display": "100", "missing_lines": 0, "excluded_lines": 0}, "missing_lines": [], "excluded_lines": []}}}, "models/goal.py": {"executed_lines": [1, 5, 6, 7, 8, 10, 13, 14, 15, 16, 19, 20, 21, 22, 23, 24, 27, 28, 31, 32, 33, 34, 35, 36, 37, 38, 39, 42, 43, 44, 45, 46, 47, 48, 49, 51], "summary": {"covered_lines": 35, "num_statements": 35, "percent_covered": 100.0, "percent_covered_display": "100", "missing_lines": 0, "excluded_lines": 0}, "missing_lines": [], "excluded_lines": [], "functions": {"": {"executed_lines": [1, 5, 6, 7, 8, 10, 13, 14, 15, 16, 19, 20, 21, 22, 23, 24, 27, 28, 31, 32, 33, 34, 35, 36, 37, 38, 39, 42, 43, 44, 45, 46, 47, 48, 49, 51], "summary": {"covered_lines": 35, "num_statements": 35, "percent_covered": 100.0, "percent_covered_display": "100", "missing_lines": 0, "excluded_lines": 0}, "missing_lines": [], "excluded_lines": []}}, "classes": {"PriorityLevel": {"executed_lines": [], "summary": {"covered_lines": 0, "num_statements": 0, "percent_covered": 100.0, "percent_covered_display": "100", "missing_lines": 0, "excluded_lines": 0}, "missing_lines": [], "excluded_lines": []}, "GoalBase": {"executed_lines": [], "summary": {"covered_lines": 0, "num_statements": 0, "percent_covered": 100.0, "percent_covered_display": "100", "missing_lines": 0, "excluded_lines": 0}, "missing_lines": [], "excluded_lines": []}, "GoalCreate": {"executed_lines": [], "summary": {"covered_lines": 0, "num_statements": 0, "percent_covered": 100.0, "percent_covered_display": "100", "missing_lines": 0, "excluded_lines": 0}, "missing_lines": [], "excluded_lines": []}, "GoalUpdate": {"executed_lines": [], "summary": {"covered_lines": 0, "num_statements": 0, "percent_covered": 100.0, "percent_covered_display": "100", "missing_lines": 0, "excluded_lines": 0}, "missing_lines": [], "excluded_lines": []}, "Goal": {"executed_lines": [], "summary": {"covered_lines": 0, "num_statements": 0, "percent_covered": 100.0, "percent_covered_display": "100", "missing_lines": 0, "excluded_lines": 0}, "missing_lines": [], "excluded_lines": []}, "": {"executed_lines": [1, 5, 6, 7, 8, 10, 13, 14, 15, 16, 19, 20, 21, 22, 23, 24, 27, 28, 31, 32, 33, 34, 35, 36, 37, 38, 39, 42, 43, 44, 45, 46, 47, 48, 49, 51], "summary": {"covered_lines": 35, "num_statements": 35, "percent_covered": 100.0, "percent_covered_display": "100", "missing_lines": 0, "excluded_lines": 0}, "missing_lines": [], "excluded_lines": []}}}, "models/notification.py": {"executed_lines": [1, 5, 6, 7, 9, 12, 13, 14, 15, 18, 19, 20, 21, 22, 25, 26, 27, 28, 29, 32, 33, 34, 35, 36, 37, 38, 41, 42, 45, 46, 47, 48, 49, 50, 51, 52, 53, 56, 57, 58, 59, 60, 61, 62, 64], "summary": {"covered_lines": 44, "num_statements": 44, "percent_covered": 100.0, "percent_covered_display": "100", "missing_lines": 0, "excluded_lines": 0}, "missing_lines": [], "excluded_lines": [], "functions": {"": {"executed_lines": [1, 5, 6, 7, 9, 12, 13, 14, 15, 18, 19, 20, 21, 22, 25, 26, 27, 28, 29, 32, 33, 34, 35, 36, 37, 38, 41, 42, 45, 46, 47, 48, 49, 50, 51, 52, 53, 56, 57, 58, 59, 60, 61, 62, 64], "summary": {"covered_lines": 44, "num_statements": 44, "percent_covered": 100.0, "percent_covered_display": "100", "missing_lines": 0, "excluded_lines": 0}, "missing_lines": [], "excluded_lines": []}}, "classes": {"NotificationType": {"executed_lines": [], "summary": {"covered_lines": 0, "num_statements": 0, "percent_covered": 100.0, "percent_covered_display": "100", "missing_lines": 0, "excluded_lines": 0}, "missing_lines": [], "excluded_lines": []}, "NotificationCategory": {"executed_lines": [], "summary": {"covered_lines": 0, "num_statements": 0, "percent_covered": 100.0, "percent_covered_display": "100", "missing_lines": 0, "excluded_lines": 0}, "missing_lines": [], "excluded_lines": []}, "RepeatInterval": {"executed_lines": [], "summary": {"covered_lines": 0, "num_statements": 0, "percent_covered": 100.0, "percent_covered_display": "100", "missing_lines": 0, "excluded_lines": 0}, "missing_lines": [], "excluded_lines": []}, "NotificationBase": {"executed_lines": [], "summary": {"covered_lines": 0, "num_statements": 0, "percent_covered": 100.0, "percent_covered_display": "100", "missing_lines": 0, "excluded_lines": 0}, "missing_lines": [], "excluded_lines": []}, "NotificationCreate": {"executed_lines": [], "summary": {"covered_lines": 0, "num_statements": 0, "percent_covered": 100.0, "percent_covered_display": "100", "missing_lines": 0, "excluded_lines": 0}, "missing_lines": [], "excluded_lines": []}, "NotificationUpdate": {"executed_lines": [], "summary": {"covered_lines": 0, "num_statements": 0, "percent_covered": 100.0, "percent_covered_display": "100", "missing_lines": 0, "excluded_lines": 0}, "missing_lines": [], "excluded_lines": []}, "Notification": {"executed_lines": [], "summary": {"covered_lines": 0, "num_statements": 0, "percent_covered": 100.0, "percent_covered_display": "100", "missing_lines": 0, "excluded_lines": 0}, "missing_lines": [], "excluded_lines": []}, "": {"executed_lines": [1, 5, 6, 7, 9, 12, 13, 14, 15, 18, 19, 20, 21, 22, 25, 26, 27, 28, 29, 32, 33, 34, 35, 36, 37, 38, 41, 42, 45, 46, 47, 48, 49, 50, 51, 52, 53, 56, 57, 58, 59, 60, 61, 62, 64], "summary": {"covered_lines": 44, "num_statements": 44, "percent_covered": 100.0, "percent_covered_display": "100", "missing_lines": 0, "excluded_lines": 0}, "missing_lines": [], "excluded_lines": []}}}, "models/schedule_block.py": {"executed_lines": [1, 5, 6, 8, 11, 12, 13, 14, 15, 16, 17, 18, 19, 20, 21, 24, 25, 28, 29, 30, 31, 32, 33, 34, 35, 36, 37, 38, 41, 42, 43, 44, 45, 47], "summary": {"covered_lines": 33, "num_statements": 33, "percent_covered": 100.0, "percent_covered_display": "100", "missing_lines": 0, "excluded_lines": 0}, "missing_lines": [], "excluded_lines": [], "functions": {"": {"executed_lines": [1, 5, 6, 8, 11, 12, 13, 14, 15, 16, 17, 18, 19, 20, 21, 24, 25, 28, 29, 30, 31, 32, 33, 34, 35, 36, 37, 38, 41, 42, 43, 44, 45, 47], "summary": {"covered_lines": 33, "num_statements": 33, "percent_covered": 100.0, "percent_covered_display": "100", "missing_lines": 0, "excluded_lines": 0}, "missing_lines": [], "excluded_lines": []}}, "classes": {"ScheduleBlockBase": {"executed_lines": [], "summary": {"covered_lines": 0, "num_statements": 0, "percent_covered": 100.0, "percent_covered_display": "100", "missing_lines": 0, "excluded_lines": 0}, "missing_lines": [], "excluded_lines": []}, "ScheduleBlockCreate": {"executed_lines": [], "summary": {"covered_lines": 0, "num_statements": 0, "percent_covered": 100.0, "percent_covered_display": "100", "missing_lines": 0, "excluded_lines": 0}, "missing_lines": [], "excluded_lines": []}, "ScheduleBlockUpdate": {"executed_lines": [], "summary": {"covered_lines": 0, "num_statements": 0, "percent_covered": 100.0, "percent_covered_display": "100", "missing_lines": 0, "excluded_lines": 0}, "missing_lines": [], "excluded_lines": []}, "ScheduleBlock": {"executed_lines": [], "summary": {"covered_lines": 0, "num_statements": 0, "percent_covered": 100.0, "percent_covered_display": "100", "missing_lines": 0, "excluded_lines": 0}, "missing_lines": [], "excluded_lines": []}, "": {"executed_lines": [1, 5, 6, 8, 11, 12, 13, 14, 15, 16, 17, 18, 19, 20, 21, 24, 25, 28, 29, 30, 31, 32, 33, 34, 35, 36, 37, 38, 41, 42, 43, 44, 45, 47], "summary": {"covered_lines": 33, "num_statements": 33, "percent_covered": 100.0, "percent_covered_display": "100", "missing_lines": 0, "excluded_lines": 0}, "missing_lines": [], "excluded_lines": []}}}, "models/subscription.py": {"executed_lines": [1, 5, 6, 7, 9, 12, 13, 15, 16, 17, 18, 19, 20, 21, 22, 25, 26, 28, 29, 30, 31, 34, 35, 37, 38, 39, 42, 43, 45, 47, 48, 49, 50, 51, 52, 53, 54, 55, 56, 57, 60, 61, 63, 65, 66, 67, 68, 69, 70, 71, 72, 73, 76, 77, 79, 81, 82, 83, 84, 85, 88, 89, 91, 92, 93, 96, 97, 99, 100, 101, 104, 105, 107, 108, 111, 112, 114, 115, 116, 117, 118, 119, 120, 121, 122], "summary": {"covered_lines": 74, "num_statements": 74, "percent_covered": 100.0, "percent_covered_display": "100", "missing_lines": 0, "excluded_lines": 0}, "missing_lines": [], "excluded_lines": [], "functions": {"": {"executed_lines": [1, 5, 6, 7, 9, 12, 13, 15, 16, 17, 18, 19, 20, 21, 22, 25, 26, 28, 29, 30, 31, 34, 35, 37, 38, 39, 42, 43, 45, 47, 48, 49, 50, 51, 52, 53, 54, 55, 56, 57, 60, 61, 63, 65, 66, 67, 68, 69, 70, 71, 72, 73, 76, 77, 79, 81, 82, 83, 84, 85, 88, 89, 91, 92, 93, 96, 97, 99, 100, 101, 104, 105, 107, 108, 111, 112, 114, 115, 116, 117, 118, 119, 120, 121, 122], "summary": {"covered_lines": 74, "num_statements": 74, "percent_covered": 100.0, "percent_covered_display": "100", "missing_lines": 0, "excluded_lines": 0}, "missing_lines": [], "excluded_lines": []}}, "classes": {"SubscriptionStatus": {"executed_lines": [], "summary": {"covered_lines": 0, "num_statements": 0, "percent_covered": 100.0, "percent_covered_display": "100", "missing_lines": 0, "excluded_lines": 0}, "missing_lines": [], "excluded_lines": []}, "PaymentStatus": {"executed_lines": [], "summary": {"covered_lines": 0, "num_statements": 0, "percent_covered": 100.0, "percent_covered_display": "100", "missing_lines": 0, "excluded_lines": 0}, "missing_lines": [], "excluded_lines": []}, "PlanType": {"executed_lines": [], "summary": {"covered_lines": 0, "num_statements": 0, "percent_covered": 100.0, "percent_covered_display": "100", "missing_lines": 0, "excluded_lines": 0}, "missing_lines": [], "excluded_lines": []}, "Subscription": {"executed_lines": [], "summary": {"covered_lines": 0, "num_statements": 0, "percent_covered": 100.0, "percent_covered_display": "100", "missing_lines": 0, "excluded_lines": 0}, "missing_lines": [], "excluded_lines": []}, "Payment": {"executed_lines": [], "summary": {"covered_lines": 0, "num_statements": 0, "percent_covered": 100.0, "percent_covered_display": "100", "missing_lines": 0, "excluded_lines": 0}, "missing_lines": [], "excluded_lines": []}, "PaymentEvent": {"executed_lines": [], "summary": {"covered_lines": 0, "num_statements": 0, "percent_covered": 100.0, "percent_covered_display": "100", "missing_lines": 0, "excluded_lines": 0}, "missing_lines": [], "excluded_lines": []}, "BillingHistory": {"executed_lines": [], "summary": {"covered_lines": 0, "num_statements": 0, "percent_covered": 100.0, "percent_covered_display": "100", "missing_lines": 0, "excluded_lines": 0}, "missing_lines": [], "excluded_lines": []}, "SubscriptionCreate": {"executed_lines": [], "summary": {"covered_lines": 0, "num_statements": 0, "percent_covered": 100.0, "percent_covered_display": "100", "missing_lines": 0, "excluded_lines": 0}, "missing_lines": [], "excluded_lines": []}, "SubscriptionUpdate": {"executed_lines": [], "summary": {"covered_lines": 0, "num_statements": 0, "percent_covered": 100.0, "percent_covered_display": "100", "missing_lines": 0, "excluded_lines": 0}, "missing_lines": [], "excluded_lines": []}, "PricingPlan": {"executed_lines": [], "summary": {"covered_lines": 0, "num_statements": 0, "percent_covered": 100.0, "percent_covered_display": "100", "missing_lines": 0, "excluded_lines": 0}, "missing_lines": [], "excluded_lines": []}, "": {"executed_lines": [1, 5, 6, 7, 9, 12, 13, 15, 16, 17, 18, 19, 20, 21, 22, 25, 26, 28, 29, 30, 31, 34, 35, 37, 38, 39, 42, 43, 45, 47, 48, 49, 50, 51, 52, 53, 54, 55, 56, 57, 60, 61, 63, 65, 66, 67, 68, 69, 70, 71, 72, 73, 76, 77, 79, 81, 82, 83, 84, 85, 88, 89, 91, 92, 93, 96, 97, 99, 100, 101, 104, 105, 107, 108, 111, 112, 114, 115, 116, 117, 118, 119, 120, 121, 122], "summary": {"covered_lines": 74, "num_statements": 74, "percent_covered": 100.0, "percent_covered_display": "100", "missing_lines": 0, "excluded_lines": 0}, "missing_lines": [], "excluded_lines": []}}}, "models/task.py": {"executed_lines": [1, 5, 6, 7, 9, 12, 13, 14, 15, 16, 19, 20, 21, 22, 25, 26, 27, 28, 29, 32, 33, 36, 37, 38, 39, 40, 41, 44, 45, 46, 47, 48, 49, 51], "summary": {"covered_lines": 33, "num_statements": 33, "percent_covered": 100.0, "percent_covered_display": "100", "missing_lines": 0, "excluded_lines": 0}, "missing_lines": [], "excluded_lines": [], "functions": {"": {"executed_lines": [1, 5, 6, 7, 9, 12, 13, 14, 15, 16, 19, 20, 21, 22, 25, 26, 27, 28, 29, 32, 33, 36, 37, 38, 39, 40, 41, 44, 45, 46, 47, 48, 49, 51], "summary": {"covered_lines": 33, "num_statements": 33, "percent_covered": 100.0, "percent_covered_display": "100", "missing_lines": 0, "excluded_lines": 0}, "missing_lines": [], "excluded_lines": []}}, "classes": {"TaskStatus": {"executed_lines": [], "summary": {"covered_lines": 0, "num_statements": 0, "percent_covered": 100.0, "percent_covered_display": "100", "missing_lines": 0, "excluded_lines": 0}, "missing_lines": [], "excluded_lines": []}, "PriorityLevel": {"executed_lines": [], "summary": {"covered_lines": 0, "num_statements": 0, "percent_covered": 100.0, "percent_covered_display": "100", "missing_lines": 0, "excluded_lines": 0}, "missing_lines": [], "excluded_lines": []}, "TaskBase": {"executed_lines": [], "summary": {"covered_lines": 0, "num_statements": 0, "percent_covered": 100.0, "percent_covered_display": "100", "missing_lines": 0, "excluded_lines": 0}, "missing_lines": [], "excluded_lines": []}, "TaskCreate": {"executed_lines": [], "summary": {"covered_lines": 0, "num_statements": 0, "percent_covered": 100.0, "percent_covered_display": "100", "missing_lines": 0, "excluded_lines": 0}, "missing_lines": [], "excluded_lines": []}, "TaskUpdate": {"executed_lines": [], "summary": {"covered_lines": 0, "num_statements": 0, "percent_covered": 100.0, "percent_covered_display": "100", "missing_lines": 0, "excluded_lines": 0}, "missing_lines": [], "excluded_lines": []}, "Task": {"executed_lines": [], "summary": {"covered_lines": 0, "num_statements": 0, "percent_covered": 100.0, "percent_covered_display": "100", "missing_lines": 0, "excluded_lines": 0}, "missing_lines": [], "excluded_lines": []}, "": {"executed_lines": [1, 5, 6, 7, 9, 12, 13, 14, 15, 16, 19, 20, 21, 22, 25, 26, 27, 28, 29, 32, 33, 36, 37, 38, 39, 40, 41, 44, 45, 46, 47, 48, 49, 51], "summary": {"covered_lines": 33, "num_statements": 33, "percent_covered": 100.0, "percent_covered_display": "100", "missing_lines": 0, "excluded_lines": 0}, "missing_lines": [], "excluded_lines": []}}}, "models/text.py": {"executed_lines": [1, 4, 5, 6, 7, 8, 9, 12, 13, 14, 15, 16], "summary": {"covered_lines": 12, "num_statements": 12, "percent_covered": 100.0, "percent_covered_display": "100", "missing_lines": 0, "excluded_lines": 0}, "missing_lines": [], "excluded_lines": [], "functions": {"": {"executed_lines": [1, 4, 5, 6, 7, 8, 9, 12, 13, 14, 15, 16], "summary": {"covered_lines": 12, "num_statements": 12, "percent_covered": 100.0, "percent_covered_display": "100", "missing_lines": 0, "excluded_lines": 0}, "missing_lines": [], "excluded_lines": []}}, "classes": {"TextGenerationRequest": {"executed_lines": [], "summary": {"covered_lines": 0, "num_statements": 0, "percent_covered": 100.0, "percent_covered_display": "100", "missing_lines": 0, "excluded_lines": 0}, "missing_lines": [], "excluded_lines": []}, "TextGenerationResponse": {"executed_lines": [], "summary": {"covered_lines": 0, "num_statements": 0, "percent_covered": 100.0, "percent_covered_display": "100", "missing_lines": 0, "excluded_lines": 0}, "missing_lines": [], "excluded_lines": []}, "": {"executed_lines": [1, 4, 5, 6, 7, 8, 9, 12, 13, 14, 15, 16], "summary": {"covered_lines": 12, "num_statements": 12, "percent_covered": 100.0, "percent_covered_display": "100", "missing_lines": 0, "excluded_lines": 0}, "missing_lines": [], "excluded_lines": []}}}, "models/user.py": {"executed_lines": [1, 5, 6, 7, 9, 12, 13, 14, 15, 16, 17, 18, 21, 22, 25, 26, 27, 28, 29, 30, 31, 34, 35, 36, 37, 39, 42, 43], "summary": {"covered_lines": 27, "num_statements": 27, "percent_covered": 100.0, "percent_covered_display": "100", "missing_lines": 0, "excluded_lines": 0}, "missing_lines": [], "excluded_lines": [], "functions": {"": {"executed_lines": [1, 5, 6, 7, 9, 12, 13, 14, 15, 16, 17, 18, 21, 22, 25, 26, 27, 28, 29, 30, 31, 34, 35, 36, 37, 39, 42, 43], "summary": {"covered_lines": 27, "num_statements": 27, "percent_covered": 100.0, "percent_covered_display": "100", "missing_lines": 0, "excluded_lines": 0}, "missing_lines": [], "excluded_lines": []}}, "classes": {"UserBase": {"executed_lines": [], "summary": {"covered_lines": 0, "num_statements": 0, "percent_covered": 100.0, "percent_covered_display": "100", "missing_lines": 0, "excluded_lines": 0}, "missing_lines": [], "excluded_lines": []}, "UserCreate": {"executed_lines": [], "summary": {"covered_lines": 0, "num_statements": 0, "percent_covered": 100.0, "percent_covered_display": "100", "missing_lines": 0, "excluded_lines": 0}, "missing_lines": [], "excluded_lines": []}, "UserUpdate": {"executed_lines": [], "summary": {"covered_lines": 0, "num_statements": 0, "percent_covered": 100.0, "percent_covered_display": "100", "missing_lines": 0, "excluded_lines": 0}, "missing_lines": [], "excluded_lines": []}, "User": {"executed_lines": [], "summary": {"covered_lines": 0, "num_statements": 0, "percent_covered": 100.0, "percent_covered_display": "100", "missing_lines": 0, "excluded_lines": 0}, "missing_lines": [], "excluded_lines": []}, "UserInDB": {"executed_lines": [], "summary": {"covered_lines": 0, "num_statements": 0, "percent_covered": 100.0, "percent_covered_display": "100", "missing_lines": 0, "excluded_lines": 0}, "missing_lines": [], "excluded_lines": []}, "": {"executed_lines": [1, 5, 6, 7, 9, 12, 13, 14, 15, 16, 17, 18, 21, 22, 25, 26, 27, 28, 29, 30, 31, 34, 35, 36, 37, 39, 42, 43], "summary": {"covered_lines": 27, "num_statements": 27, "percent_covered": 100.0, "percent_covered_display": "100", "missing_lines": 0, "excluded_lines": 0}, "missing_lines": [], "excluded_lines": []}}}, "openai_integration.py": {"executed_lines": [], "summary": {"covered_lines": 0, "num_statements": 24, "percent_covered": 0.0, "percent_covered_display": "0", "missing_lines": 24, "excluded_lines": 7}, "missing_lines": [1, 2, 4, 6, 9, 11, 13, 16, 19, 20, 30, 31, 32, 33, 35, 36, 37, 51, 57, 58, 59, 60, 61, 62], "excluded_lines": [66, 67, 69, 70, 71, 72, 76], "functions": {"generate_text": {"executed_lines": [], "summary": {"covered_lines": 0, "num_statements": 16, "percent_covered": 0.0, "percent_covered_display": "0", "missing_lines": 16, "excluded_lines": 0}, "missing_lines": [19, 20, 30, 31, 32, 33, 35, 36, 37, 51, 57, 58, 59, 60, 61, 62], "excluded_lines": []}, "": {"executed_lines": [], "summary": {"covered_lines": 0, "num_statements": 8, "percent_covered": 0.0, "percent_covered_display": "0", "missing_lines": 8, "excluded_lines": 7}, "missing_lines": [1, 2, 4, 6, 9, 11, 13, 16], "excluded_lines": [66, 67, 69, 70, 71, 72, 76]}}, "classes": {"": {"executed_lines": [], "summary": {"covered_lines": 0, "num_statements": 24, "percent_covered": 0.0, "percent_covered_display": "0", "missing_lines": 24, "excluded_lines": 7}, "missing_lines": [1, 2, 4, 6, 9, 11, 13, 16, 19, 20, 30, 31, 32, 33, 35, 36, 37, 51, 57, 58, 59, 60, 61, 62], "excluded_lines": [66, 67, 69, 70, 71, 72, 76]}}}, "phase1_coverage_booster.py": {"executed_lines": [], "summary": {"covered_lines": 0, "num_statements": 55, "percent_covered": 0.0, "percent_covered_display": "0", "missing_lines": 55, "excluded_lines": 2}, "missing_lines": [10, 11, 12, 14, 16, 18, 377, 378, 380, 382, 384, 761, 762, 764, 766, 769, 791, 792, 793, 794, 795, 798, 799, 800, 802, 803, 805, 807, 809, 810, 811, 812, 815, 816, 819, 821, 822, 823, 824, 826, 827, 829, 830, 831, 834, 835, 836, 844, 845, 846, 847, 849, 851, 852, 854], "excluded_lines": [856, 857], "functions": {"create_enhanced_middleware_tests": {"executed_lines": [], "summary": {"covered_lines": 0, "num_statements": 4, "percent_covered": 0.0, "percent_covered_display": "0", "missing_lines": 4, "excluded_lines": 0}, "missing_lines": [16, 18, 377, 378], "excluded_lines": []}, "create_enhanced_service_tests": {"executed_lines": [], "summary": {"covered_lines": 0, "num_statements": 4, "percent_covered": 0.0, "percent_covered_display": "0", "missing_lines": 4, "excluded_lines": 0}, "missing_lines": [382, 384, 761, 762], "excluded_lines": []}, "run_phase1_coverage": {"executed_lines": [], "summary": {"covered_lines": 0, "num_statements": 13, "percent_covered": 0.0, "percent_covered_display": "0", "missing_lines": 13, "excluded_lines": 0}, "missing_lines": [766, 769, 791, 792, 793, 794, 795, 798, 799, 800, 802, 803, 805], "excluded_lines": []}, "main": {"executed_lines": [], "summary": {"covered_lines": 0, "num_statements": 27, "percent_covered": 0.0, "percent_covered_display": "0", "missing_lines": 27, "excluded_lines": 0}, "missing_lines": [809, 810, 811, 812, 815, 816, 819, 821, 822, 823, 824, 826, 827, 829, 830, 831, 834, 835, 836, 844, 845, 846, 847, 849, 851, 852, 854], "excluded_lines": []}, "": {"executed_lines": [], "summary": {"covered_lines": 0, "num_statements": 7, "percent_covered": 0.0, "percent_covered_display": "0", "missing_lines": 7, "excluded_lines": 2}, "missing_lines": [10, 11, 12, 14, 380, 764, 807], "excluded_lines": [856, 857]}}, "classes": {"": {"executed_lines": [], "summary": {"covered_lines": 0, "num_statements": 55, "percent_covered": 0.0, "percent_covered_display": "0", "missing_lines": 55, "excluded_lines": 2}, "missing_lines": [10, 11, 12, 14, 16, 18, 377, 378, 380, 382, 384, 761, 762, 764, 766, 769, 791, 792, 793, 794, 795, 798, 799, 800, 802, 803, 805, 807, 809, 810, 811, 812, 815, 816, 819, 821, 822, 823, 824, 826, 827, 829, 830, 831, 834, 835, 836, 844, 845, 846, 847, 849, 851, 852, 854], "excluded_lines": [856, 857]}}}, "phase2_coverage_booster.py": {"executed_lines": [], "summary": {"covered_lines": 0, "num_statements": 63, "percent_covered": 0.0, "percent_covered_display": "0", "missing_lines": 63, "excluded_lines": 2}, "missing_lines": [12, 13, 14, 16, 18, 20, 312, 313, 315, 317, 319, 698, 699, 701, 703, 705, 971, 972, 974, 976, 979, 1004, 1005, 1006, 1007, 1008, 1011, 1012, 1013, 1015, 1016, 1018, 1020, 1022, 1023, 1024, 1025, 1028, 1029, 1030, 1033, 1035, 1036, 1037, 1038, 1040, 1041, 1043, 1044, 1045, 1048, 1049, 1050, 1060, 1061, 1062, 1063, 1065, 1067, 1068, 1069, 1070, 1072], "excluded_lines": [1074, 1075], "functions": {"create_authentication_service_tests": {"executed_lines": [], "summary": {"covered_lines": 0, "num_statements": 4, "percent_covered": 0.0, "percent_covered_display": "0", "missing_lines": 4, "excluded_lines": 0}, "missing_lines": [18, 20, 312, 313], "excluded_lines": []}, "create_ai_service_tests": {"executed_lines": [], "summary": {"covered_lines": 0, "num_statements": 4, "percent_covered": 0.0, "percent_covered_display": "0", "missing_lines": 4, "excluded_lines": 0}, "missing_lines": [317, 319, 698, 699], "excluded_lines": []}, "create_performance_service_tests": {"executed_lines": [], "summary": {"covered_lines": 0, "num_statements": 4, "percent_covered": 0.0, "percent_covered_display": "0", "missing_lines": 4, "excluded_lines": 0}, "missing_lines": [703, 705, 971, 972], "excluded_lines": []}, "run_phase2_coverage": {"executed_lines": [], "summary": {"covered_lines": 0, "num_statements": 13, "percent_covered": 0.0, "percent_covered_display": "0", "missing_lines": 13, "excluded_lines": 0}, "missing_lines": [976, 979, 1004, 1005, 1006, 1007, 1008, 1011, 1012, 1013, 1015, 1016, 1018], "excluded_lines": []}, "main": {"executed_lines": [], "summary": {"covered_lines": 0, "num_statements": 30, "percent_covered": 0.0, "percent_covered_display": "0", "missing_lines": 30, "excluded_lines": 0}, "missing_lines": [1022, 1023, 1024, 1025, 1028, 1029, 1030, 1033, 1035, 1036, 1037, 1038, 1040, 1041, 1043, 1044, 1045, 1048, 1049, 1050, 1060, 1061, 1062, 1063, 1065, 1067, 1068, 1069, 1070, 1072], "excluded_lines": []}, "": {"executed_lines": [], "summary": {"covered_lines": 0, "num_statements": 8, "percent_covered": 0.0, "percent_covered_display": "0", "missing_lines": 8, "excluded_lines": 2}, "missing_lines": [12, 13, 14, 16, 315, 701, 974, 1020], "excluded_lines": [1074, 1075]}}, "classes": {"": {"executed_lines": [], "summary": {"covered_lines": 0, "num_statements": 63, "percent_covered": 0.0, "percent_covered_display": "0", "missing_lines": 63, "excluded_lines": 2}, "missing_lines": [12, 13, 14, 16, 18, 20, 312, 313, 315, 317, 319, 698, 699, 701, 703, 705, 971, 972, 974, 976, 979, 1004, 1005, 1006, 1007, 1008, 1011, 1012, 1013, 1015, 1016, 1018, 1020, 1022, 1023, 1024, 1025, 1028, 1029, 1030, 1033, 1035, 1036, 1037, 1038, 1040, 1041, 1043, 1044, 1045, 1048, 1049, 1050, 1060, 1061, 1062, 1063, 1065, 1067, 1068, 1069, 1070, 1072], "excluded_lines": [1074, 1075]}}}, "services/ai/openai_service.py": {"executed_lines": [1, 5, 6, 7, 8, 9, 11, 12, 14, 15], "summary": {"covered_lines": 9, "num_statements": 386,
[...]
s": [], "excluded_lines": []}, "SimpleScheduler.schedule_tasks": {"executed_lines": [151, 158, 160, 161, 163, 164, 165, 168, 169, 170, 172, 174, 178, 179, 181, 182, 183, 185, 196], "summary": {"covered_lines": 19, "num_statements": 19, "percent_covered": 100.0, "percent_covered_display": "100", "missing_lines": 0, "excluded_lines": 0}, "missing_lines": [], "excluded_lines": []}, "SimpleScheduler.optimize_schedule": {"executed_lines": [204, 205, 208, 210], "summary": {"covered_lines": 4, "num_statements": 4, "percent_covered": 100.0, "percent_covered_display": "100", "missing_lines": 0, "excluded_lines": 0}, "missing_lines": [], "excluded_lines": []}, "SimpleScheduler.add_breaks": {"executed_lines": [217, 218, 220, 222, 223, 226, 227, 228, 231, 233, 234, 243, 262], "summary": {"covered_lines": 13, "num_statements": 13, "percent_covered": 100.0, "percent_covered_display": "100", "missing_lines": 0, "excluded_lines": 0}, "missing_lines": [], "excluded_lines": []}, "SimpleScheduler.get_schedule_insights": {"executed_lines": [267, 268, 270, 271, 272, 279, 280, 281, 282, 283, 286, 287, 288, 289, 290, 292], "summary": {"covered_lines": 16, "num_statements": 16, "percent_covered": 100.0, "percent_covered_display": "100", "missing_lines": 0, "excluded_lines": 0}, "missing_lines": [], "excluded_lines": []}, "SimpleScheduler._calculate_schedule_efficiency": {"executed_lines": [303, 304, 307, 309, 312], "summary": {"covered_lines": 5, "num_statements": 6, "percent_covered": 83.33333333333333, "percent_covered_display": "83", "missing_lines": 1, "excluded_lines": 0}, "missing_lines": [310], "excluded_lines": []}, "": {"executed_lines": [1, 6, 7, 8, 9, 11, 13, 16, 17, 18, 20, 21, 22, 23, 24, 27, 28, 29, 31, 32, 33, 34, 35, 36, 37, 38, 39, 42, 43, 45, 48, 56, 64, 65, 68, 71, 72, 74, 78, 111, 121, 134, 145, 198, 212, 264, 301, 316], "summary": {"covered_lines": 43, "num_statements": 43, "percent_covered": 100.0, "percent_covered_display": "100", "missing_lines": 0, "excluded_lines": 0}, "missing_lines": [], "excluded_lines": []}}, "classes": {"TimeSlot": {"executed_lines": [], "summary": {"covered_lines": 0, "num_statements": 0, "percent_covered": 100.0, "percent_covered_display": "100", "missing_lines": 0, "excluded_lines": 0}, "missing_lines": [], "excluded_lines": []}, "Task": {"executed_lines": [], "summary": {"covered_lines": 0, "num_statements": 0, "percent_covered": 100.0, "percent_covered_display": "100", "missing_lines": 0, "excluded_lines": 0}, "missing_lines": [], "excluded_lines": []}, "SchedulerConfig": {"executed_lines": [], "summary": {"covered_lines": 0, "num_statements": 0, "percent_covered": 100.0, "percent_covered_display": "100", "missing_lines": 0, "excluded_lines": 0}, "missing_lines": [], "excluded_lines": []}, "SimpleScheduler": {"executed_lines": [75, 76, 84, 87, 90, 93, 98, 101, 109, 114, 115, 118, 119, 126, 127, 130, 132, 136, 138, 139, 140, 141, 143, 151, 158, 160, 161, 163, 164, 165, 168, 169, 170, 172, 174, 178, 179, 181, 182, 183, 185, 196, 204, 205, 208, 210, 217, 218, 220, 222, 223, 226, 227, 228, 231, 233, 234, 243, 262, 267, 268, 270, 271, 272, 279, 280, 281, 282, 283, 286, 287, 288, 289, 290, 292, 303, 304, 307, 309, 312], "summary": {"covered_lines": 80, "num_statements": 81, "percent_covered": 98.76543209876543, "percent_covered_display": "99", "missing_lines": 1, "excluded_lines": 0}, "missing_lines": [310], "excluded_lines": []}, "": {"executed_lines": [1, 6, 7, 8, 9, 11, 13, 16, 17, 18, 20, 21, 22, 23, 24, 27, 28, 29, 31, 32, 33, 34, 35, 36, 37, 38, 39, 42, 43, 45, 48, 56, 64, 65, 68, 71, 72, 74, 78, 111, 121, 134, 145, 198, 212, 264, 301, 316], "summary": {"covered_lines": 43, "num_statements": 43, "percent_covered": 100.0, "percent_covered_display": "100", "missing_lines": 0, "excluded_lines": 0}, "missing_lines": [], "excluded_lines": []}}}, "services/stripe_service.py": {"executed_lines": [1, 3, 4, 5, 6, 8], "summary": {"covered_lines": 5, "num_statements": 165, "percent_covered": 3.0303030303030303, "percent_covered_display": "3", "missing_lines": 160, "excluded_lines": 0}, "missing_lines": [10, 11, 14, 15, 18, 19, 22, 25, 26, 27, 28, 30, 32, 34, 37, 38, 40, 43, 44, 45, 48, 60, 61, 63, 64, 65, 67, 71, 73, 79, 82, 84, 87, 94, 95, 97, 98, 99, 101, 103, 105, 112, 113, 115, 116, 117, 118, 121, 122, 123, 124, 127, 135, 136, 140, 147, 148, 149, 151, 153, 154, 155, 156, 157, 158, 159, 160, 161, 162, 164, 165, 166, 167, 168, 170, 171, 172, 173, 174, 175, 176, 177, 178, 179, 180, 181, 183, 185, 186, 187, 189, 190, 191, 192, 193, 194, 196, 197, 198, 201, 209, 211, 212, 213, 215, 216, 217, 218, 219, 222, 228, 229, 230, 232, 235, 243, 245, 246, 247, 249, 250, 251, 252, 254, 261, 263, 264, 265, 267, 268, 269, 270, 272, 279, 281, 282, 283, 285, 286, 287, 288, 289, 290, 291, 299, 301, 302, 303, 305, 306, 307, 308, 309, 310, 311, 318, 320, 321, 322, 326], "excluded_lines": [], "functions": {"StripeService.__init__": {"executed_lines": [], "summary": {"covered_lines": 0, "num_statements": 3, "percent_covered": 0.0, "percent_covered_display": "0", "missing_lines": 3, "excluded_lines": 0}, "missing_lines": [26, 27, 28], "excluded_lines": []}, "StripeService.create_checkout_session": {"executed_lines": [], "summary": {"covered_lines": 0, "num_statements": 14, "percent_covered": 0.0, "percent_covered_display": "0", "missing_lines": 14, "excluded_lines": 0}, "missing_lines": [32, 34, 37, 38, 40, 43, 44, 45, 48, 60, 61, 63, 64, 65], "excluded_lines": []}, "StripeService.create_portal_session": {"executed_lines": [], "summary": {"covered_lines": 0, "num_statements": 11, "percent_covered": 0.0, "percent_covered_display": "0", "missing_lines": 11, "excluded_lines": 0}, "missing_lines": [71, 73, 79, 82, 84, 87, 94, 95, 97, 98, 99], "excluded_lines": []}, "StripeService.get_subscription_status": {"executed_lines": [], "summary": {"covered_lines": 0, "num_statements": 19, "percent_covered": 0.0, "percent_covered_display": "0", "missing_lines": 19, "excluded_lines": 0}, "missing_lines": [103, 105, 112, 113, 115, 116, 117, 118, 121, 122, 123, 124, 127, 135, 136, 140, 147, 148, 149], "excluded_lines": []}, "StripeService.verify_webhook": {"executed_lines": [], "summary": {"covered_lines": 0, "num_statements": 10, "percent_covered": 0.0, "percent_covered_display": "0", "missing_lines": 10, "excluded_lines": 0}, "missing_lines": [153, 154, 155, 156, 157, 158, 159, 160, 161, 162], "excluded_lines": []}, "StripeService.process_webhook_event": {"executed_lines": [], "summary": {"covered_lines": 0, "num_statements": 20, "percent_covered": 0.0, "percent_covered_display": "0", "missing_lines": 20, "excluded_lines": 0}, "missing_lines": [165, 166, 167, 168, 170, 171, 172, 173, 174, 175, 176, 177, 178, 179, 180, 181, 183, 185, 186, 187], "excluded_lines": []}, "StripeService._handle_checkout_completed": {"executed_lines": [], "summary": {"covered_lines": 0, "num_statements": 13, "percent_covered": 0.0, "percent_covered_display": "0", "missing_lines": 13, "excluded_lines": 0}, "missing_lines": [190, 191, 192, 193, 194, 196, 197, 198, 201, 209, 211, 212, 213], "excluded_lines": []}, "StripeService._handle_subscription_created": {"executed_lines": [], "summary": {"covered_lines": 0, "num_statements": 14, "percent_covered": 0.0, "percent_covered_display": "0", "missing_lines": 14, "excluded_lines": 0}, "missing_lines": [216, 217, 218, 219, 222, 228, 229, 230, 232, 235, 243, 245, 246, 247], "excluded_lines": []}, "StripeService._handle_subscription_updated": {"executed_lines": [], "summary": {"covered_lines": 0, "num_statements": 8, "percent_covered": 0.0, "percent_covered_display": "0", "missing_lines": 8, "excluded_lines": 0}, "missing_lines": [250, 251, 252, 254, 261, 263, 264, 265], "excluded_lines": []}, "StripeService._handle_subscription_deleted": {"executed_lines": [], "summary": {"covered_lines": 0, "num_statements": 8, "percent_covered": 0.0, "percent_covered_display": "0", "missing_lines": 8, "excluded_lines": 0}, "missing_lines": [268, 269, 270, 272, 279, 281, 282, 283], "excluded_lines": []}, "StripeService._handle_payment_succeeded": {"executed_lines": [], "summary": {"covered_lines": 0, "num_statements": 10, "percent_covered": 0.0, "percent_covered_display": "0", "missing_lines": 10, "excluded_lines": 0}, "missing_lines": [286, 287, 288, 289, 290, 291, 299, 301, 302, 303], "excluded_lines": []}, "StripeService._handle_payment_failed": {"executed_lines": [], "summary": {"covered_lines": 0, "num_statements": 10, "percent_covered": 0.0, "percent_covered_display": "0", "missing_lines": 10, "excluded_lines": 0}, "missing_lines": [306, 307, 308, 309, 310, 311, 318, 320, 321, 322], "excluded_lines": []}, "": {"executed_lines": [1, 3, 4, 5, 6, 8], "summary": {"covered_lines": 5, "num_statements": 25, "percent_covered": 20.0, "percent_covered_display": "20", "missing_lines": 20, "excluded_lines": 0}, "missing_lines": [10, 11, 14, 15, 18, 19, 22, 25, 30, 67, 101, 151, 164, 189, 215, 249, 267, 285, 305, 326], "excluded_lines": []}}, "classes": {"StripeService": {"executed_lines": [], "summary": {"covered_lines": 0, "num_statements": 140, "percent_covered": 0.0, "percent_covered_display": "0", "missing_lines": 140, "excluded_lines": 0}, "missing_lines": [26, 27, 28, 32, 34, 37, 38, 40, 43, 44, 45, 48, 60, 61, 63, 64, 65, 71, 73, 79, 82, 84, 87, 94, 95, 97, 98, 99, 103, 105, 112, 113, 115, 116, 117, 118, 121, 122, 123, 124, 127, 135, 136, 140, 147, 148, 149, 153, 154, 155, 156, 157, 158, 159, 160, 161, 162, 165, 166, 167, 168, 170, 171, 172, 173, 174, 175, 176, 177, 178, 179, 180, 181, 183, 185, 186, 187, 190, 191, 192, 193, 194, 196, 197, 198, 201, 209, 211, 212, 213, 216, 217, 218, 219, 222, 228, 229, 230, 232, 235, 243, 245, 246, 247, 250, 251, 252, 254, 261, 263, 264, 265, 268, 269, 270, 272, 279, 281, 282, 283, 286, 287, 288, 289, 290, 291, 299, 301, 302, 303, 306, 307, 308, 309, 310, 311, 318, 320, 321, 322], "excluded_lines": []}, "": {"executed_lines": [1, 3, 4, 5, 6, 8], "summary": {"covered_lines": 5, "num_statements": 25, "percent_covered": 20.0, "percent_covered_display": "20", "missing_lines": 20, "excluded_lines": 0}, "missing_lines": [10, 11, 14, 15, 18, 19, 22, 25, 30, 67, 101, 151, 164, 189, 215, 249, 267, 285, 305, 326], "excluded_lines": []}}}, "services/supabase.py": {"executed_lines": [1, 5, 7, 10, 11, 12, 14, 15], "summary": {"covered_lines": 7, "num_statements": 24, "percent_covered": 29.166666666666668, "percent_covered_display": "29", "missing_lines": 17, "excluded_lines": 0}, "missing_lines": [20, 23, 25, 28, 30, 31, 34, 37, 38, 39, 40, 42, 43, 44, 45, 46, 47], "excluded_lines": [], "functions": {"get_supabase_client": {"executed_lines": [], "summary": {"covered_lines": 0, "num_statements": 1, "percent_covered": 0.0, "percent_covered_display": "0", "missing_lines": 1, "excluded_lines": 0}, "missing_lines": [25], "excluded_lines": []}, "get_supabase_service_client": {"executed_lines": [], "summary": {"covered_lines": 0, "num_statements": 3, "percent_covered": 0.0, "percent_covered_display": "0", "missing_lines": 3, "excluded_lines": 0}, "missing_lines": [30, 31, 34], "excluded_lines": []}, "test_connection": {"executed_lines": [], "summary": {"covered_lines": 0, "num_statements": 9, "percent_covered": 0.0, "percent_covered_display": "0", "missing_lines": 9, "excluded_lines": 0}, "missing_lines": [38, 39, 40, 42, 43, 44, 45, 46, 47], "excluded_lines": []}, "": {"executed_lines": [1, 5, 7, 10, 11, 12, 14, 15], "summary": {"covered_lines": 7, "num_statements": 11, "percent_covered": 63.63636363636363, "percent_covered_display": "64", "missing_lines": 4, "excluded_lines": 0}, "missing_lines": [20, 23, 28, 37], "excluded_lines": []}}, "classes": {"": {"executed_lines": [1, 5, 7, 10, 11, 12, 14, 15], "summary": {"covered_lines": 7, "num_statements": 24, "percent_covered": 29.166666666666668, "percent_covered_display": "29", "missing_lines": 17, "excluded_lines": 0}, "missing_lines": [20, 23, 25, 28, 30, 31, 34, 37, 38, 39, 40, 42, 43, 44, 45, 46, 47], "excluded_lines": []}}}, "systematic_mypy_fixer.py": {"executed_lines": [], "summary": {"covered_lines": 0, "num_statements": 276, "percent_covered": 0.0, "percent_covered_display": "0", "missing_lines": 276, "excluded_lines": 5}, "missing_lines": [4, 5, 6, 7, 8, 9, 10, 12, 13, 14, 15, 16, 17, 19, 21, 22, 28, 29, 32, 33, 34, 35, 36, 37, 38, 40, 41, 42, 43, 45, 47, 60, 61, 62, 63, 64, 65, 66, 67, 68, 69, 70, 71, 72, 73, 74, 75, 76, 77, 78, 80, 82, 84, 86, 87, 88, 89, 91, 92, 94, 96, 98, 100, 101, 102, 105, 106, 107, 108, 109, 111, 112, 113, 114, 116, 117, 118, 119, 121, 123, 124, 125, 126, 129, 130, 131, 132, 134, 135, 137, 138, 140, 141, 142, 143, 145, 146, 147, 149, 151, 152, 154, 155, 156, 157, 158, 161, 162, 163, 164, 165, 167, 168, 169, 170, 172, 173, 174, 175, 177, 179, 180, 181, 182, 184, 187, 190, 191, 192, 193, 195, 196, 198, 200, 201, 202, 203, 204, 205, 208, 209, 210, 211, 213, 214, 215, 217, 218, 219, 220, 222, 224, 225, 226, 227, 229, 230, 232, 234, 236, 237, 240, 241, 242, 243, 245, 246, 247, 248, 250, 251, 252, 253, 255, 256, 257, 258, 260, 262, 263, 264, 265, 267, 268, 270, 271, 273, 274, 275, 276, 277, 278, 279, 280, 281, 283, 284, 285, 286, 288, 289, 290, 291, 293, 295, 297, 300, 303, 306, 309, 312, 313, 315, 317, 319, 322, 323, 324, 326, 327, 328, 331, 333, 334, 335, 336, 339, 340, 341, 342, 343, 344, 345, 348, 349, 350, 351, 352, 353, 356, 357, 360, 361, 363, 364, 365, 366, 367, 368, 369, 371, 372, 373, 374, 375, 376, 378, 379, 380, 381, 383, 385, 388, 389, 390, 391, 392, 393, 394, 397, 398, 405, 406, 407, 408, 409], "excluded_lines": [411, 412, 415, 418, 420], "functions": {"SystematicMyPyFixer.__init__": {"executed_lines": [], "summary": {"covered_lines": 0, "num_statements": 4, "percent_covered": 0.0, "percent_covered_display": "0", "missing_lines": 4, "excluded_lines": 0}, "missing_lines": [14, 15, 16, 17], "excluded_lines": []}, "SystematicMyPyFixer.run_mypy": {"executed_lines": [], "summary": {"covered_lines": 0, "num_statements": 15, "percent_covered": 0.0, "percent_covered_display": "0", "missing_lines": 15, "excluded_lines": 0}, "missing_lines": [21, 22, 28, 29, 32, 33, 34, 35, 36, 37, 38, 40, 41, 42, 43], "excluded_lines": []}, "SystematicMyPyFixer.categorize_errors": {"executed_lines": [], "summary": {"covered_lines": 0, "num_statements": 22, "percent_covered": 0.0, "percent_covered_display": "0", "missing_lines": 22, "excluded_lines": 0}, "missing_lines": [47, 60, 61, 62, 63, 64, 65, 66, 67, 68, 69, 70, 71, 72, 73, 74, 75, 76, 77, 78, 80, 82], "excluded_lines": []}, "SystematicMyPyFixer.fix_untyped_functions": {"executed_lines": [], "summary": {"covered_lines": 0, "num_statements": 25, "percent_covered": 0.0, "percent_covered_display": "0", "missing_lines": 25, "excluded_lines": 0}, "missing_lines": [86, 87, 88, 89, 91, 92, 94, 96, 98, 100, 101, 102, 105, 106, 107, 108, 109, 111, 112, 113, 114, 116, 117, 118, 119], "excluded_lines": []}, "SystematicMyPyFixer.fix_missing_returns": {"executed_lines": [], "summary": {"covered_lines": 0, "num_statements": 40, "percent_covered": 0.0, "percent_covered_display": "0", "missing_lines": 40, "excluded_lines": 0}, "missing_lines": [123, 124, 125, 126, 129, 130, 131, 132, 134, 135, 137, 138, 140, 141, 142, 143, 145, 146, 147, 149, 151, 152, 154, 155, 156, 157, 158, 161, 162, 163, 164, 165, 167, 168, 169, 170, 172, 173, 174, 175], "excluded_lines": []}, "SystematicMyPyFixer.add_imports": {"executed_lines": [], "summary": {"covered_lines": 0, "num_statements": 30, "percent_covered": 0.0, "percent_covered_display": "0", "missing_lines": 30, "excluded_lines": 0}, "missing_lines": [179, 180, 181, 182, 184, 187, 190, 191, 192, 193, 195, 196, 198, 200, 201, 202, 203, 204, 205, 208, 209, 210, 211, 213, 214, 215, 217, 218, 219, 220], "excluded_lines": []}, "SystematicMyPyFixer.fix_type_annotations": {"executed_lines": [], "summary": {"covered_lines": 0, "num_statements": 26, "percent_covered": 0.0, "percent_covered_display": "0", "missing_lines": 26, "excluded_lines": 0}, "missing_lines": [224, 225, 226, 227, 229, 230, 232, 234, 236, 237, 240, 241, 242, 243, 245, 246, 247, 248, 250, 251, 252, 253, 255, 256, 257, 258], "excluded_lines": []}, "SystematicMyPyFixer.fix_attribute_errors": {"executed_lines": [], "summary": {"covered_lines": 0, "num_statements": 25, "percent_covered": 0.0, "percent_covered_display": "0", "missing_lines": 25, "excluded_lines": 0}, "missing_lines": [262, 263, 264, 265, 267, 268, 270, 271, 273, 274, 275, 276, 277, 278, 279, 280, 281, 283, 284, 285, 286, 288, 289, 290, 291], "excluded_lines": []}, "SystematicMyPyFixer.process_file_errors": {"executed_lines": [], "summary": {"covered_lines": 0, "num_statements": 9, "percent_covered": 0.0, "percent_covered_display": "0", "missing_lines": 9, "excluded_lines": 0}, "missing_lines": [295, 297, 300, 303, 306, 309, 312, 313, 315], "excluded_lines": []}, "SystematicMyPyFixer.run_comprehensive_fixes": {"executed_lines": [], "summary": {"covered_lines": 0, "num_statements": 46, "percent_covered": 0.0, "percent_covered_display": "0", "missing_lines": 46, "excluded_lines": 0}, "missing_lines": [319, 322, 323, 324, 326, 327, 328, 331, 333, 334, 335, 336, 339, 340, 341, 342, 343, 344, 345, 348, 349, 350, 351, 352, 353, 356, 357, 360, 361, 363, 364, 365, 366, 367, 368, 369, 371, 372, 373, 374, 375, 376, 378, 379, 380, 381], "excluded_lines": []}, "SystematicMyPyFixer.fix_specific_patterns": {"executed_lines": [], "summary": {"covered_lines": 0, "num_statements": 15, "percent_covered": 0.0, "percent_covered_display": "0", "missing_lines": 15, "excluded_lines": 0}, "missing_lines": [385, 388, 389, 390, 391, 392, 393, 394, 397, 398, 405, 406, 407, 408, 409], "excluded_lines": []}, "": {"executed_lines": [], "summary": {"covered_lines": 0, "num_statements": 19, "percent_covered": 0.0, "percent_covered_display": "0", "missing_lines": 19, "excluded_lines": 5}, "missing_lines": [4, 5, 6, 7, 8, 9, 10, 12, 13, 19, 45, 84, 121, 177, 222, 260, 293, 317, 383], "excluded_lines": [411, 412, 415, 418, 420]}}, "classes": {"SystematicMyPyFixer": {"executed_lines": [], "summary": {"covered_lines": 0, "num_statements": 257, "percent_covered": 0.0, "percent_covered_display": "0", "missing_lines": 257, "excluded_lines": 0}, "missing_lines": [14, 15, 16, 17, 21, 22, 28, 29, 32, 33, 34, 35, 36, 37, 38, 40, 41, 42, 43, 47, 60, 61, 62, 63, 64, 65, 66, 67, 68, 69, 70, 71, 72, 73, 74, 75, 76, 77, 78, 80, 82, 86, 87, 88, 89, 91, 92, 94, 96, 98, 100, 101, 102, 105, 106, 107, 108, 109, 111, 112, 113, 114, 116, 117, 118, 119, 123, 124, 125, 126, 129, 130, 131, 132, 134, 135, 137, 138, 140, 141, 142, 143, 145, 146, 147, 149, 151, 152, 154, 155, 156, 157, 158, 161, 162, 163, 164, 165, 167, 168, 169, 170, 172, 173, 174, 175, 179, 180, 181, 182, 184, 187, 190, 191, 192, 193, 195, 196, 198, 200, 201, 202, 203, 204, 205, 208, 209, 210, 211, 213, 214, 215, 217, 218, 219, 220, 224, 225, 226, 227, 229, 230, 232, 234, 236, 237, 240, 241, 242, 243, 245, 246, 247, 248, 250, 251, 252, 253, 255, 256, 257, 258, 262, 263, 264, 265, 267, 268, 270, 271, 273, 274, 275, 276, 277, 278, 279, 280, 281, 283, 284, 285, 286, 288, 289, 290, 291, 295, 297, 300, 303, 306, 309, 312, 313, 315, 319, 322, 323, 324, 326, 327, 328, 331, 333, 334, 335, 336, 339, 340, 341, 342, 343, 344, 345, 348, 349, 350, 351, 352, 353, 356, 357, 360, 361, 363, 364, 365, 366, 367, 368, 369, 371, 372, 373, 374, 375, 376, 378, 379, 380, 381, 385, 388, 389, 390, 391, 392, 393, 394, 397, 398, 405, 406, 407, 408, 409], "excluded_lines": []}, "": {"executed_lines": [], "summary": {"covered_lines": 0, "num_statements": 19, "percent_covered": 0.0, "percent_covered_display": "0", "missing_lines": 19, "excluded_lines": 5}, "missing_lines": [4, 5, 6, 7, 8, 9, 10, 12, 13, 19, 45, 84, 121, 177, 222, 260, 293, 317, 383], "excluded_lines": [411, 412, 415, 418, 420]}}}}, "totals": {"covered_lines": 1341, "num_statements": 6065, "percent_covered": 22.110469909315746, "percent_covered_display": "22", "missing_lines": 4724, "excluded_lines": 36}}